Looking in indexes: https://pypi.flyai.com/simple
Requirement already satisfied: scipy in /usr/local/lib/python3.6/dist-packages (1.4.1)
Requirement already satisfied: numpy>=1.13.3 in /usr/local/lib/python3.6/dist-packages (from scipy) (1.18.3)
You should consider upgrading via the '/usr/bin/python3 -m pip install --upgrade pip' command.
Looking in indexes: https://pypi.flyai.com/simple
Requirement already satisfied: Pillow in /usr/local/lib/python3.6/dist-packages (7.1.1)
You should consider upgrading via the '/usr/bin/python3 -m pip install --upgrade pip' command.
Looking in indexes: https://pypi.flyai.com/simple
Requirement already satisfied: matplotlib in /usr/local/lib/python3.6/dist-packages (3.2.1)
Requirement already satisfied: pyparsing!=2.0.4,!=2.1.2,!=2.1.6,>=2.0.1 in /usr/local/lib/python3.6/dist-packages (from matplotlib) (2.4.7)
Requirement already satisfied: numpy>=1.11 in /usr/local/lib/python3.6/dist-packages (from matplotlib) (1.18.3)
Requirement already satisfied: kiwisolver>=1.0.1 in /usr/local/lib/python3.6/dist-packages (from matplotlib) (1.2.0)
Requirement already satisfied: cycler>=0.10 in /usr/local/lib/python3.6/dist-packages (from matplotlib) (0.10.0)
Requirement already satisfied: python-dateutil>=2.1 in /usr/local/lib/python3.6/dist-packages (from matplotlib) (2.8.1)
Requirement already satisfied: six in /usr/local/lib/python3.6/dist-packages (from cycler>=0.10->matplotlib) (1.14.0)
You should consider upgrading via the '/usr/bin/python3 -m pip install --upgrade pip' command.
Looking in indexes: https://pypi.flyai.com/simple
Collecting opencv-python==4.2.0.32
Downloading https://pypi.flyai.com/packages/68/c5/09a1b82f940805c2cee30c3c42786651edcfd0710a0283eb09c6bc959340/opencv_python-4.2.0.32-cp36-cp36m-manylinux1_x86_64.whl (28.2 MB)
Requirement already satisfied: numpy>=1.11.3 in /usr/local/lib/python3.6/dist-packages (from opencv-python==4.2.0.32) (1.18.3)
Installing collected packages: opencv-python
Successfully installed opencv-python-4.2.0.32
You should consider upgrading via the '/usr/bin/python3 -m pip install --upgrade pip' command.
Looking in indexes: https://pypi.flyai.com/simple
Requirement already satisfied: numpy in /usr/local/lib/python3.6/dist-packages (1.18.3)
You should consider upgrading via the '/usr/bin/python3 -m pip install --upgrade pip' command.
Looking in indexes: https://pypi.flyai.com/simple
Collecting efficientnet_pytorch
Downloading https://pypi.flyai.com/packages/4e/83/f9c5f44060f996279e474185ebcbd8dbd91179593bffb9abe3afa55d085b/efficientnet_pytorch-0.7.0.tar.gz (20 kB)
Requirement already satisfied: torch in /usr/local/lib/python3.6/dist-packages (from efficientnet_pytorch) (1.6.0 cu101)
Requirement already satisfied: future in /usr/local/lib/python3.6/dist-packages (from torch->efficientnet_pytorch) (0.18.2)
Requirement already satisfied: numpy in /usr/local/lib/python3.6/dist-packages (from torch->efficientnet_pytorch) (1.18.3)
Building wheels for collected packages: efficientnet-pytorch
Building wheel for efficientnet-pytorch (setup.py): started
Building wheel for efficientnet-pytorch (setup.py): finished with status 'done'
Created wheel for efficientnet-pytorch: filename=efficientnet_pytorch-0.7.0-py3-none-any.whl size=16035 sha256=f942c52159f75452d37e8e0307775846b268c927a4423aab35b5393e0452e281
Stored in directory: /root/.cache/pip/wheels/48/81/6f/09cdcb1de68fb0eb2d28da0c3e8161a06c756d74b4b95b7746
Successfully built efficientnet-pytorch
Installing collected packages: efficientnet-pytorch
Successfully installed efficientnet-pytorch-0.7.0
You should consider upgrading via the '/usr/bin/python3 -m pip install --upgrade pip' command.
Looking in indexes: https://pypi.flyai.com/simple
Requirement already satisfied: torchvision in /usr/local/lib/python3.6/dist-packages (0.7.0 cu101)
Requirement already satisfied: pillow>=4.1.1 in /usr/local/lib/python3.6/dist-packages (from torchvision) (7.1.1)
Requirement already satisfied: torch==1.6.0 in /usr/local/lib/python3.6/dist-packages (from torchvision) (1.6.0 cu101)
Requirement already satisfied: numpy in /usr/local/lib/python3.6/dist-packages (from torchvision) (1.18.3)
Requirement already satisfied: future in /usr/local/lib/python3.6/dist-packages (from torch==1.6.0->torchvision) (0.18.2)
You should consider upgrading via the '/usr/bin/python3 -m pip install --upgrade pip' command.
Looking in indexes: https://pypi.flyai.com/simple
Requirement already satisfied: torch in /usr/local/lib/python3.6/dist-packages (1.6.0 cu101)
Requirement already satisfied: numpy in /usr/local/lib/python3.6/dist-packages (from torch) (1.18.3)
Requirement already satisfied: future in /usr/local/lib/python3.6/dist-packages (from torch) (0.18.2)
You should consider upgrading via the '/usr/bin/python3 -m pip install --upgrade pip' command.
Looking in indexes: https://pypi.flyai.com/simple
Collecting resnest
Downloading https://pypi.flyai.com/packages/74/ab/bdd1a6ae83f13a268c736c7be2f14207f836711e22daa64d46b57262b66b/resnest-0.0.5-py3-none-any.whl (30 kB)
Requirement already satisfied: tqdm in /usr/local/lib/python3.6/dist-packages (from resnest) (4.45.0)
Requirement already satisfied: Pillow in /usr/local/lib/python3.6/dist-packages (from resnest) (7.1.1)
Requirement already satisfied: scipy in /usr/local/lib/python3.6/dist-packages (from resnest) (1.4.1)
Requirement already satisfied: numpy in /usr/local/lib/python3.6/dist-packages (from resnest) (1.18.3)
Requirement already satisfied: requests in /usr/local/lib/python3.6/dist-packages (from resnest) (2.23.0)
Requirement already satisfied: nose in /usr/local/lib/python3.6/dist-packages (from resnest) (1.3.7)
Requirement already satisfied: torch>=1.0.0 in /usr/local/lib/python3.6/dist-packages (from resnest) (1.6.0 cu101)
Requirement already satisfied: certifi>=2017.4.17 in /usr/local/lib/python3.6/dist-packages (from requests->resnest) (2020.4.5.1)
Requirement already satisfied: chardet<4,>=3.0.2 in /usr/local/lib/python3.6/dist-packages (from requests->resnest) (3.0.4)
Requirement already satisfied: idna<3,>=2.5 in /usr/local/lib/python3.6/dist-packages (from requests->resnest) (2.9)
Requirement already satisfied: urllib3!=1.25.0,!=1.25.1,<1.26,>=1.21.1 in /usr/local/lib/python3.6/dist-packages (from requests->resnest) (1.25.9)
Requirement already satisfied: future in /usr/local/lib/python3.6/dist-packages (from torch>=1.0.0->resnest) (0.18.2)
Installing collected packages: resnest
Successfully installed resnest-0.0.5
You should consider upgrading via the '/usr/bin/python3 -m pip install --upgrade pip' command.
Looking in indexes: https://pypi.flyai.com/simple
Collecting cnn_finetune
Downloading https://pypi.flyai.com/packages/e4/63/03a442d31401c43fc17a814f22bd7c39ab8f13f42a6b2467ca0d0d042b3a/cnn_finetune-0.6.0.tar.gz (11 kB)
Requirement already satisfied: torch in /usr/local/lib/python3.6/dist-packages (from cnn_finetune) (1.6.0 cu101)
Requirement already satisfied: torchvision>=0.3.0 in /usr/local/lib/python3.6/dist-packages (from cnn_finetune) (0.7.0 cu101)
Collecting pretrainedmodels>=0.7.4
Downloading https://pypi.flyai.com/packages/84/0e/be6a0e58447ac16c938799d49bfb5fb7a80ac35e137547fc6cee2c08c4cf/pretrainedmodels-0.7.4.tar.gz (58 kB)
Requirement already satisfied: scipy in /usr/local/lib/python3.6/dist-packages (from cnn_finetune) (1.4.1)
Requirement already satisfied: tqdm in /usr/local/lib/python3.6/dist-packages (from cnn_finetune) (4.45.0)
Requirement already satisfied: future in /usr/local/lib/python3.6/dist-packages (from torch->cnn_finetune) (0.18.2)
Requirement already satisfied: numpy in /usr/local/lib/python3.6/dist-packages (from torch->cnn_finetune) (1.18.3)
Requirement already satisfied: pillow>=4.1.1 in /usr/local/lib/python3.6/dist-packages (from torchvision>=0.3.0->cnn_finetune) (7.1.1)
Collecting munch
Downloading https://pypi.flyai.com/packages/cc/ab/85d8da5c9a45e072301beb37ad7f833cd344e04c817d97e0cc75681d248f/munch-2.5.0-py2.py3-none-any.whl (10 kB)
Requirement already satisfied: six in /usr/local/lib/python3.6/dist-packages (from munch->pretrainedmodels>=0.7.4->cnn_finetune) (1.14.0)
Building wheels for collected packages: cnn-finetune, pretrainedmodels
Building wheel for cnn-finetune (setup.py): started
Building wheel for cnn-finetune (setup.py): finished with status 'done'
Created wheel for cnn-finetune: filename=cnn_finetune-0.6.0-py3-none-any.whl size=11432 sha256=e89e714544b16271a0439a8db2655a22fde15c527509ae228d955647ec51a902
Stored in directory: /root/.cache/pip/wheels/9b/d9/82/f8b9045d146050042c2e6ab22c44a27eef49ffe2bbc3412256
Building wheel for pretrainedmodels (setup.py): started
Building wheel for pretrainedmodels (setup.py): finished with status 'done'
Created wheel for pretrainedmodels: filename=pretrainedmodels-0.7.4-py3-none-any.whl size=60962 sha256=16f4975bd742f3a1b4032eca5a13ef9c76e4ab940ebe6f20412853945e68fd91
Stored in directory: /root/.cache/pip/wheels/e8/ba/a6/a8ad2367db2fbaabb853dc408d93c466f36305dfc8b8ea35e7
Successfully built cnn-finetune pretrainedmodels
Installing collected packages: munch, pretrainedmodels, cnn-finetune
Successfully installed cnn-finetune-0.6.0 munch-2.5.0 pretrainedmodels-0.7.4
You should consider upgrading via the '/usr/bin/python3 -m pip install --upgrade pip' command.
('dataset/ButterflyClassification/train.zip', 'total size: ', 670, 'MB')
('本地训练提供', '20%', '的数据，线上训练会提供全量数据。')
('数据集详细信息请访问:', 'ButterflyClassification')
train_size: 15167, val_size: 5056
len(dataset): 15167
len(tmp_label): 200
['Euploea_core', 'Papilio_maackii', 'Kallima_inachus', 'Pieris_napi', 'Cyrestis_thyodamas', 'Papilio_xuthus', 'Symbrenthia_lilaea', 'Byasa_polyeuctes', 'Abisara_echerius', 'Stibochiona_nicea', 'Polygonia_caureum', 'Junonia_hierta', 'Parantica_sita', 'Papilio_Krishna', 'Hestina_assimilis', 'Junonia_almana', 'Tongeia_potanini', 'Byasa_dasarada', 'Clossiana_euphrosyne', 'Kaniska_canace', 'Libythea_myrrha', 'Danaus_genutia', 'Parantica_aglea', 'Erionota_torus', 'Polyura_eudamippus', 'Melanitis_phedima', 'Papilio_prexaspes', 'Papilio_machaon', 'Vanessa_cardui', 'Graphium_agamemnon', 'Gonepteryx_amintha', 'Papilio_hermosanus', 'Hebomoia_glaucippe', 'Aemona_amathusia', 'Neptis_hylas', 'Danaus_plexippus', 'Cethosia_cyane', 'Pieris_melete', 'Colias_palaeno', 'Badamia_exclamationis', 'Lethe_chandica', 'Ypthima_baldus', 'Artipe_eryx', 'Cethosia_biblis', 'Papilio_hoppo', 'Gonepteryx_rhamni', 'Lamproptera_curius', 'Colias_erate', 'Luehdorfia_chinensis', 'Zemeros_flegyas', 'Sephisa_chandra', 'Tirumala_septentrionis', 'Delias_pasithoe', 'Papilio_dialis', 'Parnassius_apollo', 'Penthema_darlisa', 'Mycalesis_perseus', 'Curetis_acuta', 'Delias_acalis', 'Byasa_alcinous', 'Damora_sagana', 'Acraea_issoria', 'Acraea_terpsicore', 'Junonia_iphita', 'Euploea_sylvester', 'Tirumala_limniace', 'Issoria_lathonia', 'Udaspes_folus', 'Clossiana_freija', 'Danaus_chrysippus', 'Parnassius_phoebus', 'Pazala_mullah', 'Catopsilia_pomona', 'Ampittia_virgata', 'Seseria_dohertyi', 'Neope_pulaha', 'Charaxes_bernardus', 'Odontoptilum_angulatum', 'Taraka_hamada', 'Ancistroides_nigrita', 'Loxura_atymnus', 'Troides_magellanus', 'Junonia_orithya', 'Teinopalpus_imperialis', 'Pazala_eurous', 'Horaga_albimacula', 'Pachliopta_aristolochiae', 'Ypthima_praenubila', 'Papilio_paris', 'Papilio_bianor', 'Arhopala_rama', 'Eurema_hecabe', 'Colias_fieldii', 'Papilio_alcmenor', 'Iraota_timoleon', 'Apatura_ilia', 'Delias_descombesi', 'Limenitis_sulpitia', 'Eurema_laeta', 'Polyura_athamas', 'Hypolimnas_bolina', 'Eurema_blanda', 'Ariadne_ariadne', 'Hasora_badra', 'Euploea_midamus', 'Ideopsis_similis', 'Stichophthalma_howqua', 'Iphiclides_podalirius', 'Leptidea_sinapis', 'Athyma_ranga', 'Proclossiana_eunomia', 'Papilio_polytes', 'Clossiana_dia', 'Melanitis_leda', 'Eurema_brigitta', 'Dodona_eugenes', 'Clossiana_titania', 'Daimio_tethys', 'Amblopala_avidiena', 'Athyma_perius', 'Apatura_iris', 'Vanessa_indica', 'Celaenorrhinus_maculosus', 'Tagiades_menaka', 'Teinopalpus_aureus', 'Arhopala_paramuta', 'Atrophaneura_varuna', 'Lethe_confusa', 'Calinaga_buddha', 'Colias_hyale', 'Lethe_syrcis', 'Pseudocoladenia_dan', 'Troides_helena', 'Notocrypta_curvifascia', 'Horaga_onyx', 'Iambrix_salsala', 'Pathysa_antiphates', 'Leptidea_amurensis', 'Rapala_nissa', 'Faunis_eumeus', 'Papilio_protenor', 'Idea_leuconoe', 'Bhutanitis_lidderdalii', 'Junonia_atlites', 'Meandrusa_payeni', 'Mycalesis_intermedia', 'Euploea_tulliolus', 'Penthema_formosanum', 'Polyura_narcaea', 'Pieris_rapae', 'Abraximorpha_davidii', 'Burara_gomata', 'Hasora_anura', 'Doleschallia_bisaltide', 'Catopsilia_scylla', 'SpinDasis_syama', 'Hasora_vitta', 'Isoteinon_lamprospilus', 'Papilio_nephelus', 'Libythea_lepita', 'Eurema_mandarina', 'Jamides_bochus', 'Papilio_arcturus', 'Euthalia_niepelti', 'Mycalesis_gotama', 'Ussuriana_michaelis', 'Pieris_canidia', 'Parnara_guttata', 'Sericinus_montelus', 'Cepora_nerissa', 'Graphium_cloanthus', 'Elymnias_hypermnestra', 'Papilio_memnon', 'Astictopterus_jama', 'Neptis_miah', 'Atrophaneura_horishanus', 'Mahathala_ameria', 'Rohana_parisatis', 'Lamproptera_meges', 'Catopsilia_pyranthe', 'Parantica_melaneus', 'Graphium_sarpedon', 'Troides_aeacus', 'Sasakia_charonda', 'Meandrusa_sciron', 'Zizeeria_maha', 'Miletus_chinensis', 'Eurema_andersoni', 'Lampides_boeticus', 'Leptidea_morsei', 'Ideopsis_vulgaris', 'Ariadne_merione', 'Gandaca_harina', 'Delias_belladonna', 'Chitoria_ulupi', 'Parnassius_nomion', 'Allotinus_drumila', 'Timelaea_albescens', 'Mandarinia_regalis', 'Losaria_coon']
num_count: [('Gonepteryx_rhamni', 702), ('Catopsilia_pomona', 342), ('Eurema_hecabe', 338), ('Neptis_hylas', 330), ('Hebomoia_glaucippe', 310), ('Apatura_ilia', 292), ('Apatura_iris', 256), ('Eurema_blanda', 250), ('Junonia_orithya', 229), ('Junonia_iphita', 228), ('Delias_pasithoe', 219), ('Junonia_atlites', 217), ('Junonia_almana', 209), ('Symbrenthia_lilaea', 201), ('Cethosia_biblis', 201), ('Danaus_chrysippus', 194), ('Clossiana_euphrosyne', 188), ('Kallima_inachus', 180), ('Parnara_guttata', 177), ('Vanessa_cardui', 175), ('Colias_palaeno', 175), ('Junonia_hierta', 173), ('Zemeros_flegyas', 172), ('Parnassius_phoebus', 168), ('Acraea_issoria', 167), ('Pazala_eurous', 167), ('Iphiclides_podalirius', 167), ('Parantica_aglea', 166), ('Ideopsis_similis', 166), ('Colias_erate', 164), ('Danaus_plexippus', 157), ('Papilio_maackii', 154), ('Cethosia_cyane', 148), ('Tirumala_septentrionis', 144), ('Pathysa_antiphates', 142), ('Atrophaneura_horishanus', 142), ('Pachliopta_aristolochiae', 138), ('Byasa_alcinous', 136), ('Troides_magellanus', 133), ('Byasa_polyeuctes', 130), ('Colias_hyale', 129), ('Hypolimnas_bolina', 127), ('Pieris_canidia', 126), ('Sericinus_montelus', 126), ('Hestina_assimilis', 125), ('Kaniska_canace', 125), ('Polyura_athamas', 125), ('Faunis_eumeus', 125), ('Libythea_lepita', 125), ('Abisara_echerius', 124), ('Pieris_melete', 121), ('Cyrestis_thyodamas', 119), ('Elymnias_hypermnestra', 119), ('Mycalesis_perseus', 118), ('Udaspes_folus', 117), ('Mycalesis_gotama', 117), ('Papilio_hermosanus', 116), ('Melanitis_leda', 113), ('Iambrix_salsala', 110), ('Papilio_hoppo', 109), ('Melanitis_phedima', 108), ('Loxura_atymnus', 108), ('Notocrypta_curvifascia', 106), ('Polygonia_caureum', 105), ('Curetis_acuta', 105), ('Hasora_badra', 105), ('Pieris_rapae', 104), ('Parantica_sita', 103), ('Lethe_confusa', 103), ('Parnassius_apollo', 102), ('Pseudocoladenia_dan', 102), ('Tirumala_limniace', 101), ('Danaus_genutia', 98), ('Athyma_perius', 98), ('Odontoptilum_angulatum', 97), ('Stichophthalma_howqua', 97), ('Lethe_chandica', 96), ('Pieris_napi', 95), ('Cepora_nerissa', 94), ('Vanessa_indica', 93), ('Acraea_terpsicore', 92), ('Iraota_timoleon', 92), ('Leptidea_sinapis', 92), ('Eurema_laeta', 91), ('Clossiana_dia', 91), ('Daimio_tethys', 91), ('Troides_helena', 91), ('Badamia_exclamationis', 89), ('Papilio_machaon', 88), ('Ypthima_baldus', 87), ('Parantica_melaneus', 87), ('Papilio_prexaspes', 86), ('Taraka_hamada', 86), ('Rohana_parisatis', 86), ('Papilio_bianor', 85), ('Atrophaneura_varuna', 85), ('Troides_aeacus', 84), ('Lampides_boeticus', 84), ('Gonepteryx_amintha', 83), ('Papilio_dialis', 83), ('Horaga_onyx', 83), ('Burara_gomata', 79), ('Papilio_memnon', 79), ('Erionota_torus', 78), ('Athyma_ranga', 78), ('Euploea_tulliolus', 76), ('Isoteinon_lamprospilus', 76), ('Eurema_mandarina', 76), ('Euploea_core', 75), ('Artipe_eryx', 75), ('Dodona_eugenes', 75), ('Papilio_arcturus', 75), ('Stibochiona_nicea', 74), ('Luehdorfia_chinensis', 74), ('Eurema_andersoni', 74), ('Neope_pulaha', 72), ('Euploea_midamus', 72), ('Sasakia_charonda', 72), ('Charaxes_bernardus', 71), ('Ariadne_ariadne', 71), ('Clossiana_titania', 71), ('Papilio_xuthus', 68), ('Issoria_lathonia', 68), ('Colias_fieldii', 68), ('Mycalesis_intermedia', 68), ('Polyura_narcaea', 68), ('Astictopterus_jama', 68), ('Pazala_mullah', 67), ('Limenitis_sulpitia', 67), ('Amblopala_avidiena', 67), ('Timelaea_albescens', 67), ('Ampittia_virgata', 65), ('Polyura_eudamippus', 64), ('Abraximorpha_davidii', 64), ('Neptis_miah', 64), ('Calinaga_buddha', 63), ('Zizeeria_maha', 63), ('Miletus_chinensis', 63), ('Parnassius_nomion', 63), ('Graphium_sarpedon', 62), ('Libythea_myrrha', 61), ('Papilio_alcmenor', 61), ('Papilio_polytes', 61), ('Hasora_anura', 61), ('Papilio_paris', 60), ('Delias_descombesi', 60), ('Gandaca_harina', 58), ('Lamproptera_curius', 57), ('Clossiana_freija', 57), ('Catopsilia_scylla', 57), ('SpinDasis_syama', 57), ('Ariadne_merione', 57), ('Byasa_dasarada', 56), ('Delias_acalis', 56), ('Ancistroides_nigrita', 56), ('Proclossiana_eunomia', 56), ('Lamproptera_meges', 56), ('Teinopalpus_imperialis', 55), ('Lethe_syrcis', 55), ('Rapala_nissa', 55), ('Losaria_coon', 55), ('Tagiades_menaka', 54), ('Graphium_agamemnon', 52), ('Papilio_protenor', 52), ('Hasora_vitta', 51), ('Delias_belladonna', 51), ('Euploea_sylvester', 50), ('Teinopalpus_aureus', 50), ('Catopsilia_pyranthe', 50), ('Aemona_amathusia', 49), ('Celaenorrhinus_maculosus', 49), ('Doleschallia_bisaltide', 49), ('Bhutanitis_lidderdalii', 48), ('Meandrusa_payeni', 48), ('Penthema_darlisa', 47), ('Damora_sagana', 47), ('Ideopsis_vulgaris', 47), ('Eurema_brigitta', 46), ('Tongeia_potanini', 45), ('Horaga_albimacula', 45), ('Papilio_nephelus', 44), ('Graphium_cloanthus', 43), ('Jamides_bochus', 42), ('Meandrusa_sciron', 42), ('Mandarinia_regalis', 42), ('Leptidea_amurensis', 41), ('Idea_leuconoe', 41), ('Penthema_formosanum', 41), ('Ussuriana_michaelis', 40), ('Mahathala_ameria', 39), ('Sephisa_chandra', 38), ('Leptidea_morsei', 35), ('Papilio_Krishna', 34), ('Arhopala_rama', 34), ('Allotinus_drumila', 33), ('Ypthima_praenubila', 31), ('Chitoria_ulupi', 31), ('Arhopala_paramuta', 28), ('Euthalia_niepelti', 28), ('Seseria_dohertyi', 20)]
len(dataset): 5056
len(tmp_label): 200
['Euploea_core', 'Papilio_maackii', 'Kallima_inachus', 'Pieris_napi', 'Cyrestis_thyodamas', 'Papilio_xuthus', 'Symbrenthia_lilaea', 'Byasa_polyeuctes', 'Abisara_echerius', 'Stibochiona_nicea', 'Polygonia_caureum', 'Junonia_hierta', 'Parantica_sita', 'Papilio_Krishna', 'Hestina_assimilis', 'Junonia_almana', 'Tongeia_potanini', 'Byasa_dasarada', 'Clossiana_euphrosyne', 'Kaniska_canace', 'Libythea_myrrha', 'Danaus_genutia', 'Parantica_aglea', 'Erionota_torus', 'Polyura_eudamippus', 'Melanitis_phedima', 'Papilio_prexaspes', 'Papilio_machaon', 'Vanessa_cardui', 'Graphium_agamemnon', 'Gonepteryx_amintha', 'Papilio_hermosanus', 'Hebomoia_glaucippe', 'Aemona_amathusia', 'Neptis_hylas', 'Danaus_plexippus', 'Cethosia_cyane', 'Pieris_melete', 'Colias_palaeno', 'Badamia_exclamationis', 'Lethe_chandica', 'Ypthima_baldus', 'Artipe_eryx', 'Cethosia_biblis', 'Papilio_hoppo', 'Gonepteryx_rhamni', 'Lamproptera_curius', 'Colias_erate', 'Luehdorfia_chinensis', 'Zemeros_flegyas', 'Sephisa_chandra', 'Tirumala_septentrionis', 'Delias_pasithoe', 'Papilio_dialis', 'Parnassius_apollo', 'Penthema_darlisa', 'Mycalesis_perseus', 'Curetis_acuta', 'Delias_acalis', 'Byasa_alcinous', 'Damora_sagana', 'Acraea_issoria', 'Acraea_terpsicore', 'Junonia_iphita', 'Euploea_sylvester', 'Tirumala_limniace', 'Issoria_lathonia', 'Udaspes_folus', 'Clossiana_freija', 'Danaus_chrysippus', 'Parnassius_phoebus', 'Pazala_mullah', 'Catopsilia_pomona', 'Ampittia_virgata', 'Seseria_dohertyi', 'Neope_pulaha', 'Charaxes_bernardus', 'Odontoptilum_angulatum', 'Taraka_hamada', 'Ancistroides_nigrita', 'Loxura_atymnus', 'Troides_magellanus', 'Junonia_orithya', 'Teinopalpus_imperialis', 'Pazala_eurous', 'Horaga_albimacula', 'Pachliopta_aristolochiae', 'Ypthima_praenubila', 'Papilio_paris', 'Papilio_bianor', 'Arhopala_rama', 'Eurema_hecabe', 'Colias_fieldii', 'Papilio_alcmenor', 'Iraota_timoleon', 'Apatura_ilia', 'Delias_descombesi', 'Limenitis_sulpitia', 'Eurema_laeta', 'Polyura_athamas', 'Hypolimnas_bolina', 'Eurema_blanda', 'Ariadne_ariadne', 'Hasora_badra', 'Euploea_midamus', 'Ideopsis_similis', 'Stichophthalma_howqua', 'Iphiclides_podalirius', 'Leptidea_sinapis', 'Athyma_ranga', 'Proclossiana_eunomia', 'Papilio_polytes', 'Clossiana_dia', 'Melanitis_leda', 'Eurema_brigitta', 'Dodona_eugenes', 'Clossiana_titania', 'Daimio_tethys', 'Amblopala_avidiena', 'Athyma_perius', 'Apatura_iris', 'Vanessa_indica', 'Celaenorrhinus_maculosus', 'Tagiades_menaka', 'Teinopalpus_aureus', 'Arhopala_paramuta', 'Atrophaneura_varuna', 'Lethe_confusa', 'Calinaga_buddha', 'Colias_hyale', 'Lethe_syrcis', 'Pseudocoladenia_dan', 'Troides_helena', 'Notocrypta_curvifascia', 'Horaga_onyx', 'Iambrix_salsala', 'Pathysa_antiphates', 'Leptidea_amurensis', 'Rapala_nissa', 'Faunis_eumeus', 'Papilio_protenor', 'Idea_leuconoe', 'Bhutanitis_lidderdalii', 'Junonia_atlites', 'Meandrusa_payeni', 'Mycalesis_intermedia', 'Euploea_tulliolus', 'Penthema_formosanum', 'Polyura_narcaea', 'Pieris_rapae', 'Abraximorpha_davidii', 'Burara_gomata', 'Hasora_anura', 'Doleschallia_bisaltide', 'Catopsilia_scylla', 'SpinDasis_syama', 'Hasora_vitta', 'Isoteinon_lamprospilus', 'Papilio_nephelus', 'Libythea_lepita', 'Eurema_mandarina', 'Jamides_bochus', 'Papilio_arcturus', 'Euthalia_niepelti', 'Mycalesis_gotama', 'Ussuriana_michaelis', 'Pieris_canidia', 'Parnara_guttata', 'Sericinus_montelus', 'Cepora_nerissa', 'Graphium_cloanthus', 'Elymnias_hypermnestra', 'Papilio_memnon', 'Astictopterus_jama', 'Neptis_miah', 'Atrophaneura_horishanus', 'Mahathala_ameria', 'Rohana_parisatis', 'Lamproptera_meges', 'Catopsilia_pyranthe', 'Parantica_melaneus', 'Graphium_sarpedon', 'Troides_aeacus', 'Sasakia_charonda', 'Meandrusa_sciron', 'Zizeeria_maha', 'Miletus_chinensis', 'Eurema_andersoni', 'Lampides_boeticus', 'Leptidea_morsei', 'Ideopsis_vulgaris', 'Ariadne_merione', 'Gandaca_harina', 'Delias_belladonna', 'Chitoria_ulupi', 'Parnassius_nomion', 'Allotinus_drumila', 'Timelaea_albescens', 'Mandarinia_regalis', 'Losaria_coon']
num_count: [('Gonepteryx_rhamni', 702), ('Catopsilia_pomona', 342), ('Eurema_hecabe', 338), ('Neptis_hylas', 330), ('Hebomoia_glaucippe', 310), ('Apatura_ilia', 292), ('Apatura_iris', 256), ('Eurema_blanda', 250), ('Junonia_orithya', 229), ('Junonia_iphita', 228), ('Delias_pasithoe', 219), ('Junonia_atlites', 217), ('Junonia_almana', 209), ('Symbrenthia_lilaea', 201), ('Cethosia_biblis', 201), ('Danaus_chrysippus', 194), ('Clossiana_euphrosyne', 188), ('Kallima_inachus', 180), ('Parnara_guttata', 177), ('Vanessa_cardui', 175), ('Colias_palaeno', 175), ('Junonia_hierta', 173), ('Zemeros_flegyas', 172), ('Parnassius_phoebus', 168), ('Acraea_issoria', 167), ('Pazala_eurous', 167), ('Iphiclides_podalirius', 167), ('Parantica_aglea', 166), ('Ideopsis_similis', 166), ('Colias_erate', 164), ('Danaus_plexippus', 157), ('Papilio_maackii', 154), ('Cethosia_cyane', 148), ('Tirumala_septentrionis', 144), ('Pathysa_antiphates', 142), ('Atrophaneura_horishanus', 142), ('Pachliopta_aristolochiae', 138), ('Byasa_alcinous', 136), ('Troides_magellanus', 133), ('Byasa_polyeuctes', 130), ('Colias_hyale', 129), ('Hypolimnas_bolina', 127), ('Pieris_canidia', 126), ('Sericinus_montelus', 126), ('Hestina_assimilis', 125), ('Kaniska_canace', 125), ('Polyura_athamas', 125), ('Faunis_eumeus', 125), ('Libythea_lepita', 125), ('Abisara_echerius', 124), ('Pieris_melete', 121), ('Cyrestis_thyodamas', 119), ('Elymnias_hypermnestra', 119), ('Mycalesis_perseus', 118), ('Udaspes_folus', 117), ('Mycalesis_gotama', 117), ('Papilio_hermosanus', 116), ('Melanitis_leda', 113), ('Iambrix_salsala', 110), ('Papilio_hoppo', 109), ('Melanitis_phedima', 108), ('Loxura_atymnus', 108), ('Notocrypta_curvifascia', 106), ('Polygonia_caureum', 105), ('Curetis_acuta', 105), ('Hasora_badra', 105), ('Pieris_rapae', 104), ('Parantica_sita', 103), ('Lethe_confusa', 103), ('Parnassius_apollo', 102), ('Pseudocoladenia_dan', 102), ('Tirumala_limniace', 101), ('Danaus_genutia', 98), ('Athyma_perius', 98), ('Odontoptilum_angulatum', 97), ('Stichophthalma_howqua', 97), ('Lethe_chandica', 96), ('Pieris_napi', 95), ('Cepora_nerissa', 94), ('Vanessa_indica', 93), ('Acraea_terpsicore', 92), ('Iraota_timoleon', 92), ('Leptidea_sinapis', 92), ('Eurema_laeta', 91), ('Clossiana_dia', 91), ('Daimio_tethys', 91), ('Troides_helena', 91), ('Badamia_exclamationis', 89), ('Papilio_machaon', 88), ('Ypthima_baldus', 87), ('Parantica_melaneus', 87), ('Papilio_prexaspes', 86), ('Taraka_hamada', 86), ('Rohana_parisatis', 86), ('Papilio_bianor', 85), ('Atrophaneura_varuna', 85), ('Troides_aeacus', 84), ('Lampides_boeticus', 84), ('Gonepteryx_amintha', 83), ('Papilio_dialis', 83), ('Horaga_onyx', 83), ('Burara_gomata', 79), ('Papilio_memnon', 79), ('Erionota_torus', 78), ('Athyma_ranga', 78), ('Euploea_tulliolus', 76), ('Isoteinon_lamprospilus', 76), ('Eurema_mandarina', 76), ('Euploea_core', 75), ('Artipe_eryx', 75), ('Dodona_eugenes', 75), ('Papilio_arcturus', 75), ('Stibochiona_nicea', 74), ('Luehdorfia_chinensis', 74), ('Eurema_andersoni', 74), ('Neope_pulaha', 72), ('Euploea_midamus', 72), ('Sasakia_charonda', 72), ('Charaxes_bernardus', 71), ('Ariadne_ariadne', 71), ('Clossiana_titania', 71), ('Papilio_xuthus', 68), ('Issoria_lathonia', 68), ('Colias_fieldii', 68), ('Mycalesis_intermedia', 68), ('Polyura_narcaea', 68), ('Astictopterus_jama', 68), ('Pazala_mullah', 67), ('Limenitis_sulpitia', 67), ('Amblopala_avidiena', 67), ('Timelaea_albescens', 67), ('Ampittia_virgata', 65), ('Polyura_eudamippus', 64), ('Abraximorpha_davidii', 64), ('Neptis_miah', 64), ('Calinaga_buddha', 63), ('Zizeeria_maha', 63), ('Miletus_chinensis', 63), ('Parnassius_nomion', 63), ('Graphium_sarpedon', 62), ('Libythea_myrrha', 61), ('Papilio_alcmenor', 61), ('Papilio_polytes', 61), ('Hasora_anura', 61), ('Papilio_paris', 60), ('Delias_descombesi', 60), ('Gandaca_harina', 58), ('Lamproptera_curius', 57), ('Clossiana_freija', 57), ('Catopsilia_scylla', 57), ('SpinDasis_syama', 57), ('Ariadne_merione', 57), ('Byasa_dasarada', 56), ('Delias_acalis', 56), ('Ancistroides_nigrita', 56), ('Proclossiana_eunomia', 56), ('Lamproptera_meges', 56), ('Teinopalpus_imperialis', 55), ('Lethe_syrcis', 55), ('Rapala_nissa', 55), ('Losaria_coon', 55), ('Tagiades_menaka', 54), ('Graphium_agamemnon', 52), ('Papilio_protenor', 52), ('Hasora_vitta', 51), ('Delias_belladonna', 51), ('Euploea_sylvester', 50), ('Teinopalpus_aureus', 50), ('Catopsilia_pyranthe', 50), ('Aemona_amathusia', 49), ('Celaenorrhinus_maculosus', 49), ('Doleschallia_bisaltide', 49), ('Bhutanitis_lidderdalii', 48), ('Meandrusa_payeni', 48), ('Penthema_darlisa', 47), ('Damora_sagana', 47), ('Ideopsis_vulgaris', 47), ('Eurema_brigitta', 46), ('Tongeia_potanini', 45), ('Horaga_albimacula', 45), ('Papilio_nephelus', 44), ('Graphium_cloanthus', 43), ('Jamides_bochus', 42), ('Meandrusa_sciron', 42), ('Mandarinia_regalis', 42), ('Leptidea_amurensis', 41), ('Idea_leuconoe', 41), ('Penthema_formosanum', 41), ('Ussuriana_michaelis', 40), ('Mahathala_ameria', 39), ('Sephisa_chandra', 38), ('Leptidea_morsei', 35), ('Papilio_Krishna', 34), ('Arhopala_rama', 34), ('Allotinus_drumila', 33), ('Ypthima_praenubila', 31), ('Chitoria_ulupi', 31), ('Arhopala_paramuta', 28), ('Euthalia_niepelti', 28), ('Seseria_dohertyi', 20)]
('se_resnext50_32x4d-a260b3a4.pth', 'total size: ', 105, 'MB')
Model download succeeded !
Loading model1...
optim.SGD(model.parameters(), lr=0.001, momentum=0.9, weight_decay=1e-4, nesterov=True)
milestones=[int(epochs / 3), int(2 * epochs / 3),int(5 * epochs / 6)], gamma=0.2
Epoch: 0, Step 0 | 236, Train_Loss 5.3835
Epoch: 0, Step 10 | 236, Train_Loss 54.2821
Epoch: 0, Step 20 | 236, Train_Loss 52.6978
Epoch: 0, Step 30 | 236, Train_Loss 50.5272
Epoch: 0, Step 40 | 236, Train_Loss 48.0191
Epoch: 0, Step 50 | 236, Train_Loss 46.2958
Epoch: 0, Step 60 | 236, Train_Loss 44.4212
Epoch: 0, Step 70 | 236, Train_Loss 41.5474
Epoch: 0, Step 80 | 236, Train_Loss 39.1798
Epoch: 0, Step 90 | 236, Train_Loss 36.6050
Epoch: 0, Step 100 | 236, Train_Loss 35.2559
Epoch: 0, Step 110 | 236, Train_Loss 33.8816
Epoch: 0, Step 120 | 236, Train_Loss 32.3143
Epoch: 0, Step 130 | 236, Train_Loss 30.9146
Epoch: 0, Step 140 | 236, Train_Loss 30.0446
Epoch: 0, Step 150 | 236, Train_Loss 29.3460
Epoch: 0, Step 160 | 236, Train_Loss 28.5000
Epoch: 0, Step 170 | 236, Train_Loss 27.9983
Epoch: 0, Step 180 | 236, Train_Loss 26.8236
Epoch: 0, Step 190 | 236, Train_Loss 24.7419
Epoch: 0, Step 200 | 236, Train_Loss 25.4804
Epoch: 0, Step 210 | 236, Train_Loss 24.4534
Epoch: 0, Step 220 | 236, Train_Loss 24.4494
Epoch: 0, Step 230 | 236, Train_Loss 23.9387
Current Time: Thu Nov  5 03:10:45 2020
Epoch 0,  Accuracy 64.7745%
Epoch: 1, Step 0 | 236, Train_Loss 2.2046
Epoch: 1, Step 10 | 236, Train_Loss 20.9519
Epoch: 1, Step 20 | 236, Train_Loss 20.3637
Epoch: 1, Step 30 | 236, Train_Loss 19.6219
Epoch: 1, Step 40 | 236, Train_Loss 20.6181
Epoch: 1, Step 50 | 236, Train_Loss 18.8591
Epoch: 1, Step 60 | 236, Train_Loss 18.9436
Epoch: 1, Step 70 | 236, Train_Loss 19.2385
Epoch: 1, Step 80 | 236, Train_Loss 18.2107
Epoch: 1, Step 90 | 236, Train_Loss 17.7811
Epoch: 1, Step 100 | 236, Train_Loss 17.8356
Epoch: 1, Step 110 | 236, Train_Loss 17.9398
Epoch: 1, Step 120 | 236, Train_Loss 17.4332
Epoch: 1, Step 130 | 236, Train_Loss 17.0892
Epoch: 1, Step 140 | 236, Train_Loss 18.2765
Epoch: 1, Step 150 | 236, Train_Loss 17.6025
Epoch: 1, Step 160 | 236, Train_Loss 17.1388
Epoch: 1, Step 170 | 236, Train_Loss 16.6607
Epoch: 1, Step 180 | 236, Train_Loss 16.1461
Epoch: 1, Step 190 | 236, Train_Loss 16.3791
Epoch: 1, Step 200 | 236, Train_Loss 16.5131
Epoch: 1, Step 210 | 236, Train_Loss 16.2442
Epoch: 1, Step 220 | 236, Train_Loss 17.3304
Epoch: 1, Step 230 | 236, Train_Loss 16.2964
Current Time: Thu Nov  5 03:22:24 2020
Epoch 1,  Accuracy 78.2239%
Epoch: 2, Step 0 | 236, Train_Loss 1.5527
Epoch: 2, Step 10 | 236, Train_Loss 14.4317
Epoch: 2, Step 20 | 236, Train_Loss 15.3533
Epoch: 2, Step 30 | 236, Train_Loss 14.3027
Epoch: 2, Step 40 | 236, Train_Loss 14.4671
Epoch: 2, Step 50 | 236, Train_Loss 14.3105
Epoch: 2, Step 60 | 236, Train_Loss 14.7021
Epoch: 2, Step 70 | 236, Train_Loss 14.7368
Epoch: 2, Step 80 | 236, Train_Loss 14.2434
Epoch: 2, Step 90 | 236, Train_Loss 14.2510
Epoch: 2, Step 100 | 236, Train_Loss 14.4707
Epoch: 2, Step 110 | 236, Train_Loss 13.9432
Epoch: 2, Step 120 | 236, Train_Loss 14.3931
Epoch: 2, Step 130 | 236, Train_Loss 14.3864
Epoch: 2, Step 140 | 236, Train_Loss 14.0014
Epoch: 2, Step 150 | 236, Train_Loss 14.0002
Epoch: 2, Step 160 | 236, Train_Loss 13.4905
Epoch: 2, Step 170 | 236, Train_Loss 14.2504
Epoch: 2, Step 180 | 236, Train_Loss 13.9935
Epoch: 2, Step 190 | 236, Train_Loss 14.1847
Epoch: 2, Step 200 | 236, Train_Loss 13.4915
Epoch: 2, Step 210 | 236, Train_Loss 13.7954
Epoch: 2, Step 220 | 236, Train_Loss 14.2888
Epoch: 2, Step 230 | 236, Train_Loss 13.4037
Current Time: Thu Nov  5 03:33:54 2020
Epoch 2,  Accuracy 81.4280%
Epoch: 3, Step 0 | 236, Train_Loss 1.2298
Epoch: 3, Step 10 | 236, Train_Loss 12.4007
Epoch: 3, Step 20 | 236, Train_Loss 12.6602
Epoch: 3, Step 30 | 236, Train_Loss 12.6196
Epoch: 3, Step 40 | 236, Train_Loss 12.7231
Epoch: 3, Step 50 | 236, Train_Loss 12.7620
Epoch: 3, Step 60 | 236, Train_Loss 12.6023
Epoch: 3, Step 70 | 236, Train_Loss 13.2736
Epoch: 3, Step 80 | 236, Train_Loss 12.4558
Epoch: 3, Step 90 | 236, Train_Loss 12.2329
Epoch: 3, Step 100 | 236, Train_Loss 12.9443
Epoch: 3, Step 110 | 236, Train_Loss 12.2555
Epoch: 3, Step 120 | 236, Train_Loss 12.7651
Epoch: 3, Step 130 | 236, Train_Loss 12.9256
Epoch: 3, Step 140 | 236, Train_Loss 12.7001
Epoch: 3, Step 150 | 236, Train_Loss 12.8020
Epoch: 3, Step 160 | 236, Train_Loss 12.5147
Epoch: 3, Step 170 | 236, Train_Loss 12.3004
Epoch: 3, Step 180 | 236, Train_Loss 11.9440
Epoch: 3, Step 190 | 236, Train_Loss 12.5971
Epoch: 3, Step 200 | 236, Train_Loss 12.2426
Epoch: 3, Step 210 | 236, Train_Loss 12.3212
Epoch: 3, Step 220 | 236, Train_Loss 12.6354
Epoch: 3, Step 230 | 236, Train_Loss 12.5787
Current Time: Thu Nov  5 03:45:22 2020
Epoch 3,  Accuracy 83.4652%
Epoch: 4, Step 0 | 236, Train_Loss 1.2495
Epoch: 4, Step 10 | 236, Train_Loss 11.5008
Epoch: 4, Step 20 | 236, Train_Loss 11.7721
Epoch: 4, Step 30 | 236, Train_Loss 11.4741
Epoch: 4, Step 40 | 236, Train_Loss 11.5294
Epoch: 4, Step 50 | 236, Train_Loss 11.5576
Epoch: 4, Step 60 | 236, Train_Loss 11.4509
Epoch: 4, Step 70 | 236, Train_Loss 11.5905
Epoch: 4, Step 80 | 236, Train_Loss 11.6310
Epoch: 4, Step 90 | 236, Train_Loss 11.8523
Epoch: 4, Step 100 | 236, Train_Loss 11.6415
Epoch: 4, Step 110 | 236, Train_Loss 11.5338
Epoch: 4, Step 120 | 236, Train_Loss 11.2682
Epoch: 4, Step 130 | 236, Train_Loss 11.3540
Epoch: 4, Step 140 | 236, Train_Loss 11.8169
Epoch: 4, Step 150 | 236, Train_Loss 11.3488
Epoch: 4, Step 160 | 236, Train_Loss 11.3427
Epoch: 4, Step 170 | 236, Train_Loss 11.5586
Epoch: 4, Step 180 | 236, Train_Loss 11.6365
Epoch: 4, Step 190 | 236, Train_Loss 11.7045
Epoch: 4, Step 200 | 236, Train_Loss 11.4665
Epoch: 4, Step 210 | 236, Train_Loss 11.5330
Epoch: 4, Step 220 | 236, Train_Loss 11.7138
Epoch: 4, Step 230 | 236, Train_Loss 11.3436
Current Time: Thu Nov  5 03:56:50 2020
Epoch 4,  Accuracy 84.4343%
Epoch: 5, Step 0 | 236, Train_Loss 1.1074
Epoch: 5, Step 10 | 236, Train_Loss 10.7232
Epoch: 5, Step 20 | 236, Train_Loss 10.7667
Epoch: 5, Step 30 | 236, Train_Loss 11.0064
Epoch: 5, Step 40 | 236, Train_Loss 10.8319
Epoch: 5, Step 50 | 236, Train_Loss 10.9930
Epoch: 5, Step 60 | 236, Train_Loss 10.8824
Epoch: 5, Step 70 | 236, Train_Loss 11.0585
Epoch: 5, Step 80 | 236, Train_Loss 10.9025
Epoch: 5, Step 90 | 236, Train_Loss 10.8162
Epoch: 5, Step 100 | 236, Train_Loss 10.9787
Epoch: 5, Step 110 | 236, Train_Loss 10.9853
Epoch: 5, Step 120 | 236, Train_Loss 10.8380
Epoch: 5, Step 130 | 236, Train_Loss 11.0880
Epoch: 5, Step 140 | 236, Train_Loss 10.7692
Epoch: 5, Step 150 | 236, Train_Loss 11.0578
Epoch: 5, Step 160 | 236, Train_Loss 10.9531
Epoch: 5, Step 170 | 236, Train_Loss 10.8432
Epoch: 5, Step 180 | 236, Train_Loss 10.8101
Epoch: 5, Step 190 | 236, Train_Loss 10.7123
Epoch: 5, Step 200 | 236, Train_Loss 11.0421
Epoch: 5, Step 210 | 236, Train_Loss 10.8507
Epoch: 5, Step 220 | 236, Train_Loss 11.2918
Epoch: 5, Step 230 | 236, Train_Loss 10.6831
Current Time: Thu Nov  5 04:08:18 2020
Epoch 5,  Accuracy 84.6123%
Epoch: 6, Step 0 | 236, Train_Loss 1.1147
Epoch: 6, Step 10 | 236, Train_Loss 10.7302
Epoch: 6, Step 20 | 236, Train_Loss 10.7637
Epoch: 6, Step 30 | 236, Train_Loss 10.8355
Epoch: 6, Step 40 | 236, Train_Loss 10.7988
Epoch: 6, Step 50 | 236, Train_Loss 10.5680
Epoch: 6, Step 60 | 236, Train_Loss 10.6945
Epoch: 6, Step 70 | 236, Train_Loss 10.6579
Epoch: 6, Step 80 | 236, Train_Loss 10.8203
Epoch: 6, Step 90 | 236, Train_Loss 10.6861
Epoch: 6, Step 100 | 236, Train_Loss 10.8026
Epoch: 6, Step 110 | 236, Train_Loss 10.9138
Epoch: 6, Step 120 | 236, Train_Loss 10.6890
Epoch: 6, Step 130 | 236, Train_Loss 10.9415
Epoch: 6, Step 140 | 236, Train_Loss 11.0459
Epoch: 6, Step 150 | 236, Train_Loss 10.8414
Epoch: 6, Step 160 | 236, Train_Loss 10.8218
Epoch: 6, Step 170 | 236, Train_Loss 10.6599
Epoch: 6, Step 180 | 236, Train_Loss 11.1777
Epoch: 6, Step 190 | 236, Train_Loss 11.0052
Epoch: 6, Step 200 | 236, Train_Loss 10.8519
Epoch: 6, Step 210 | 236, Train_Loss 10.8524
Epoch: 6, Step 220 | 236, Train_Loss 10.7489
Epoch: 6, Step 230 | 236, Train_Loss 10.8489
Current Time: Thu Nov  5 04:19:50 2020
Epoch 6,  Accuracy 84.6717%
Epoch: 7, Step 0 | 236, Train_Loss 1.1340
Epoch: 7, Step 10 | 236, Train_Loss 10.7315
Epoch: 7, Step 20 | 236, Train_Loss 10.7296
Epoch: 7, Step 30 | 236, Train_Loss 10.7289
Epoch: 7, Step 40 | 236, Train_Loss 10.7921
Epoch: 7, Step 50 | 236, Train_Loss 10.5615
Epoch: 7, Step 60 | 236, Train_Loss 10.7246
Epoch: 7, Step 70 | 236, Train_Loss 10.7928
Epoch: 7, Step 80 | 236, Train_Loss 10.7695
Epoch: 7, Step 90 | 236, Train_Loss 10.8305
Epoch: 7, Step 100 | 236, Train_Loss 10.8685
Epoch: 7, Step 110 | 236, Train_Loss 10.8233
Epoch: 7, Step 120 | 236, Train_Loss 10.6567
Epoch: 7, Step 130 | 236, Train_Loss 10.5910
Epoch: 7, Step 140 | 236, Train_Loss 10.9248
Epoch: 7, Step 150 | 236, Train_Loss 10.5561
Epoch: 7, Step 160 | 236, Train_Loss 10.7510
Epoch: 7, Step 170 | 236, Train_Loss 10.7048
Epoch: 7, Step 180 | 236, Train_Loss 10.9903
Epoch: 7, Step 190 | 236, Train_Loss 10.5932
Epoch: 7, Step 200 | 236, Train_Loss 10.8152
Epoch: 7, Step 210 | 236, Train_Loss 10.9782
Epoch: 7, Step 220 | 236, Train_Loss 10.7001
Epoch: 7, Step 230 | 236, Train_Loss 10.7189
Current Time: Thu Nov  5 04:31:21 2020
Epoch 7,  Accuracy 84.4541%
Epoch: 8, Step 0 | 236, Train_Loss 1.0888
Epoch: 8, Step 10 | 236, Train_Loss 10.5132
Epoch: 8, Step 20 | 236, Train_Loss 10.7837
Epoch: 8, Step 30 | 236, Train_Loss 10.8379
Epoch: 8, Step 40 | 236, Train_Loss 10.7146
Epoch: 8, Step 50 | 236, Train_Loss 10.7083
Epoch: 8, Step 60 | 236, Train_Loss 10.5983
Epoch: 8, Step 70 | 236, Train_Loss 10.6952
Epoch: 8, Step 80 | 236, Train_Loss 10.7164
Epoch: 8, Step 90 | 236, Train_Loss 10.8847
Epoch: 8, Step 100 | 236, Train_Loss 10.7945
Epoch: 8, Step 110 | 236, Train_Loss 10.6527
Epoch: 8, Step 120 | 236, Train_Loss 10.5522
Epoch: 8, Step 130 | 236, Train_Loss 10.7332
Epoch: 8, Step 140 | 236, Train_Loss 10.7887
Epoch: 8, Step 150 | 236, Train_Loss 10.7859
Epoch: 8, Step 160 | 236, Train_Loss 10.9023
Epoch: 8, Step 170 | 236, Train_Loss 10.7096
Epoch: 8, Step 180 | 236, Train_Loss 10.6802
Epoch: 8, Step 190 | 236, Train_Loss 10.7461
Epoch: 8, Step 200 | 236, Train_Loss 10.5429
Epoch: 8, Step 210 | 236, Train_Loss 10.7285
Epoch: 8, Step 220 | 236, Train_Loss 10.5198
Epoch: 8, Step 230 | 236, Train_Loss 10.7386
Current Time: Thu Nov  5 04:42:47 2020
Epoch 8,  Accuracy 84.7508%
Epoch: 9, Step 0 | 236, Train_Loss 1.0846
Epoch: 9, Step 10 | 236, Train_Loss 10.7118
Epoch: 9, Step 20 | 236, Train_Loss 10.8553
Epoch: 9, Step 30 | 236, Train_Loss 10.6888
Epoch: 9, Step 40 | 236, Train_Loss 10.4057
Epoch: 9, Step 50 | 236, Train_Loss 11.0117
Epoch: 9, Step 60 | 236, Train_Loss 10.6067
Epoch: 9, Step 70 | 236, Train_Loss 10.6857
Epoch: 9, Step 80 | 236, Train_Loss 10.6071
Epoch: 9, Step 90 | 236, Train_Loss 10.3163
Epoch: 9, Step 100 | 236, Train_Loss 10.7819
Epoch: 9, Step 110 | 236, Train_Loss 10.5927
Epoch: 9, Step 120 | 236, Train_Loss 10.5089
Epoch: 9, Step 130 | 236, Train_Loss 10.4613
Epoch: 9, Step 140 | 236, Train_Loss 10.7058
Epoch: 9, Step 150 | 236, Train_Loss 10.6790
Epoch: 9, Step 160 | 236, Train_Loss 10.6362
Epoch: 9, Step 170 | 236, Train_Loss 10.5404
Epoch: 9, Step 180 | 236, Train_Loss 10.6529
Epoch: 9, Step 190 | 236, Train_Loss 10.6240
Epoch: 9, Step 200 | 236, Train_Loss 10.4548
Epoch: 9, Step 210 | 236, Train_Loss 10.8140
Epoch: 9, Step 220 | 236, Train_Loss 10.7000
Epoch: 9, Step 230 | 236, Train_Loss 10.6665
Current Time: Thu Nov  5 04:59:11 2020
Epoch 9,  Accuracy 84.6717%
Epoch: 10, Step 0 | 236, Train_Loss 1.0808
Epoch: 10, Step 10 | 236, Train_Loss 10.4994
Epoch: 10, Step 20 | 236, Train_Loss 10.5971
Epoch: 10, Step 30 | 236, Train_Loss 10.5319
Epoch: 10, Step 40 | 236, Train_Loss 10.5991
Epoch: 10, Step 50 | 236, Train_Loss 10.8207
Epoch: 10, Step 60 | 236, Train_Loss 10.6470
Epoch: 10, Step 70 | 236, Train_Loss 10.8220
Epoch: 10, Step 80 | 236, Train_Loss 10.5351
Epoch: 10, Step 90 | 236, Train_Loss 10.6320
Epoch: 10, Step 100 | 236, Train_Loss 10.7352
Epoch: 10, Step 110 | 236, Train_Loss 10.7007
Epoch: 10, Step 120 | 236, Train_Loss 10.5556
Epoch: 10, Step 130 | 236, Train_Loss 10.8609
Epoch: 10, Step 140 | 236, Train_Loss 10.7657
Epoch: 10, Step 150 | 236, Train_Loss 10.7523
Epoch: 10, Step 160 | 236, Train_Loss 10.6215
Epoch: 10, Step 170 | 236, Train_Loss 10.6088
Epoch: 10, Step 180 | 236, Train_Loss 10.5373
Epoch: 10, Step 190 | 236, Train_Loss 10.7666
Epoch: 10, Step 200 | 236, Train_Loss 10.6554
Epoch: 10, Step 210 | 236, Train_Loss 10.7092
Epoch: 10, Step 220 | 236, Train_Loss 10.4760
Epoch: 10, Step 230 | 236, Train_Loss 10.5160
Current Time: Thu Nov  5 05:17:52 2020
Epoch 10,  Accuracy 84.9486%
Epoch: 11, Step 0 | 236, Train_Loss 1.0436
Epoch: 11, Step 10 | 236, Train_Loss 10.4785
Epoch: 11, Step 20 | 236, Train_Loss 10.6686
Epoch: 11, Step 30 | 236, Train_Loss 10.5279
Epoch: 11, Step 40 | 236, Train_Loss 10.6663
Epoch: 11, Step 50 | 236, Train_Loss 10.6021
Epoch: 11, Step 60 | 236, Train_Loss 10.5026
Epoch: 11, Step 70 | 236, Train_Loss 10.6896
Epoch: 11, Step 80 | 236, Train_Loss 10.5396
Epoch: 11, Step 90 | 236, Train_Loss 10.6888
Epoch: 11, Step 100 | 236, Train_Loss 10.7163
Epoch: 11, Step 110 | 236, Train_Loss 10.8042
Epoch: 11, Step 120 | 236, Train_Loss 10.6444
Epoch: 11, Step 130 | 236, Train_Loss 10.5942
Epoch: 11, Step 140 | 236, Train_Loss 10.6513
Epoch: 11, Step 150 | 236, Train_Loss 10.5519
Epoch: 11, Step 160 | 236, Train_Loss 10.4683
Epoch: 11, Step 170 | 236, Train_Loss 10.5100
Epoch: 11, Step 180 | 236, Train_Loss 10.6495
Epoch: 11, Step 190 | 236, Train_Loss 10.6137
Epoch: 11, Step 200 | 236, Train_Loss 10.3710
Epoch: 11, Step 210 | 236, Train_Loss 10.7600
Epoch: 11, Step 220 | 236, Train_Loss 10.6869
Epoch: 11, Step 230 | 236, Train_Loss 10.7315
Current Time: Thu Nov  5 05:36:25 2020
Epoch 11,  Accuracy 84.8695%
Current model ends, saved the model.
Traceback (most recent call last):
prediction.load_model()
File "./prediction.py", line 28, in load_model
model2 = torch.load(MODEL_PATH   '/'   "best2.pth")
File "/usr/local/lib/python3.6/dist-packages/torch/serialization.py", line 571, in load
with _open_file_like(f, 'rb') as opened_file:
File "/usr/local/lib/python3.6/dist-packages/torch/serialization.py", line 229, in _open_file_like
return _open_file(name_or_buffer, mode)
File "/usr/local/lib/python3.6/dist-packages/torch/serialization.py", line 210, in __init__
super(_open_file, self).__init__(open(name, mode))
<span style='color: red'>FileNotFoundError: [Errno 2] No such file or directory: './data/output/model/best2.pth'</span>
