Looking in indexes: https://pypi.flyai.com/simple
Requirement already satisfied: torch in /usr/local/lib/python3.6/dist-packages (1.6.0 cu101)
Requirement already satisfied: future in /usr/local/lib/python3.6/dist-packages (from torch) (0.18.2)
Requirement already satisfied: numpy in /usr/local/lib/python3.6/dist-packages (from torch) (1.18.3)
You should consider upgrading via the '/usr/bin/python3 -m pip install --upgrade pip' command.
Looking in indexes: https://pypi.flyai.com/simple
Requirement already satisfied: matplotlib in /usr/local/lib/python3.6/dist-packages (3.2.1)
Requirement already satisfied: cycler>=0.10 in /usr/local/lib/python3.6/dist-packages (from matplotlib) (0.10.0)
Requirement already satisfied: pyparsing!=2.0.4,!=2.1.2,!=2.1.6,>=2.0.1 in /usr/local/lib/python3.6/dist-packages (from matplotlib) (2.4.7)
Requirement already satisfied: kiwisolver>=1.0.1 in /usr/local/lib/python3.6/dist-packages (from matplotlib) (1.2.0)
Requirement already satisfied: python-dateutil>=2.1 in /usr/local/lib/python3.6/dist-packages (from matplotlib) (2.8.1)
Requirement already satisfied: numpy>=1.11 in /usr/local/lib/python3.6/dist-packages (from matplotlib) (1.18.3)
Requirement already satisfied: six in /usr/local/lib/python3.6/dist-packages (from cycler>=0.10->matplotlib) (1.14.0)
You should consider upgrading via the '/usr/bin/python3 -m pip install --upgrade pip' command.
Looking in indexes: https://pypi.flyai.com/simple
Collecting opencv-python==4.2.0.32
Downloading https://pypi.flyai.com/packages/68/c5/09a1b82f940805c2cee30c3c42786651edcfd0710a0283eb09c6bc959340/opencv_python-4.2.0.32-cp36-cp36m-manylinux1_x86_64.whl (28.2 MB)
Requirement already satisfied: numpy>=1.11.3 in /usr/local/lib/python3.6/dist-packages (from opencv-python==4.2.0.32) (1.18.3)
Installing collected packages: opencv-python
Successfully installed opencv-python-4.2.0.32
You should consider upgrading via the '/usr/bin/python3 -m pip install --upgrade pip' command.
Looking in indexes: https://pypi.flyai.com/simple
Collecting resnest
Downloading https://pypi.flyai.com/packages/74/ab/bdd1a6ae83f13a268c736c7be2f14207f836711e22daa64d46b57262b66b/resnest-0.0.5-py3-none-any.whl (30 kB)
Requirement already satisfied: torch>=1.0.0 in /usr/local/lib/python3.6/dist-packages (from resnest) (1.6.0 cu101)
Requirement already satisfied: numpy in /usr/local/lib/python3.6/dist-packages (from resnest) (1.18.3)
Requirement already satisfied: requests in /usr/local/lib/python3.6/dist-packages (from resnest) (2.23.0)
Requirement already satisfied: scipy in /usr/local/lib/python3.6/dist-packages (from resnest) (1.4.1)
Requirement already satisfied: nose in /usr/local/lib/python3.6/dist-packages (from resnest) (1.3.7)
Requirement already satisfied: tqdm in /usr/local/lib/python3.6/dist-packages (from resnest) (4.45.0)
Requirement already satisfied: Pillow in /usr/local/lib/python3.6/dist-packages (from resnest) (7.1.1)
Requirement already satisfied: future in /usr/local/lib/python3.6/dist-packages (from torch>=1.0.0->resnest) (0.18.2)
Requirement already satisfied: idna<3,>=2.5 in /usr/local/lib/python3.6/dist-packages (from requests->resnest) (2.9)
Requirement already satisfied: urllib3!=1.25.0,!=1.25.1,<1.26,>=1.21.1 in /usr/local/lib/python3.6/dist-packages (from requests->resnest) (1.25.9)
Requirement already satisfied: chardet<4,>=3.0.2 in /usr/local/lib/python3.6/dist-packages (from requests->resnest) (3.0.4)
Requirement already satisfied: certifi>=2017.4.17 in /usr/local/lib/python3.6/dist-packages (from requests->resnest) (2020.4.5.1)
Installing collected packages: resnest
Successfully installed resnest-0.0.5
You should consider upgrading via the '/usr/bin/python3 -m pip install --upgrade pip' command.
Looking in indexes: https://pypi.flyai.com/simple
Requirement already satisfied: torchvision in /usr/local/lib/python3.6/dist-packages (0.7.0 cu101)
Requirement already satisfied: torch==1.6.0 in /usr/local/lib/python3.6/dist-packages (from torchvision) (1.6.0 cu101)
Requirement already satisfied: pillow>=4.1.1 in /usr/local/lib/python3.6/dist-packages (from torchvision) (7.1.1)
Requirement already satisfied: numpy in /usr/local/lib/python3.6/dist-packages (from torchvision) (1.18.3)
Requirement already satisfied: future in /usr/local/lib/python3.6/dist-packages (from torch==1.6.0->torchvision) (0.18.2)
You should consider upgrading via the '/usr/bin/python3 -m pip install --upgrade pip' command.
Looking in indexes: https://pypi.flyai.com/simple
Collecting efficientnet_pytorch
Downloading https://pypi.flyai.com/packages/4e/83/f9c5f44060f996279e474185ebcbd8dbd91179593bffb9abe3afa55d085b/efficientnet_pytorch-0.7.0.tar.gz (20 kB)
Requirement already satisfied: torch in /usr/local/lib/python3.6/dist-packages (from efficientnet_pytorch) (1.6.0 cu101)
Requirement already satisfied: future in /usr/local/lib/python3.6/dist-packages (from torch->efficientnet_pytorch) (0.18.2)
Requirement already satisfied: numpy in /usr/local/lib/python3.6/dist-packages (from torch->efficientnet_pytorch) (1.18.3)
Building wheels for collected packages: efficientnet-pytorch
Building wheel for efficientnet-pytorch (setup.py): started
Building wheel for efficientnet-pytorch (setup.py): finished with status 'done'
Created wheel for efficientnet-pytorch: filename=efficientnet_pytorch-0.7.0-py3-none-any.whl size=16035 sha256=20a54863a46abc2797370da1dd7247edc32a02fcaf12e6ba3d46cdc4ba3fb6c0
Stored in directory: /root/.cache/pip/wheels/48/81/6f/09cdcb1de68fb0eb2d28da0c3e8161a06c756d74b4b95b7746
Successfully built efficientnet-pytorch
Installing collected packages: efficientnet-pytorch
Successfully installed efficientnet-pytorch-0.7.0
You should consider upgrading via the '/usr/bin/python3 -m pip install --upgrade pip' command.
Looking in indexes: https://pypi.flyai.com/simple
Requirement already satisfied: Pillow in /usr/local/lib/python3.6/dist-packages (7.1.1)
You should consider upgrading via the '/usr/bin/python3 -m pip install --upgrade pip' command.
Looking in indexes: https://pypi.flyai.com/simple
Requirement already satisfied: scipy in /usr/local/lib/python3.6/dist-packages (1.4.1)
Requirement already satisfied: numpy>=1.13.3 in /usr/local/lib/python3.6/dist-packages (from scipy) (1.18.3)
You should consider upgrading via the '/usr/bin/python3 -m pip install --upgrade pip' command.
Looking in indexes: https://pypi.flyai.com/simple
Collecting cnn_finetune
Downloading https://pypi.flyai.com/packages/e4/63/03a442d31401c43fc17a814f22bd7c39ab8f13f42a6b2467ca0d0d042b3a/cnn_finetune-0.6.0.tar.gz (11 kB)
Requirement already satisfied: torch in /usr/local/lib/python3.6/dist-packages (from cnn_finetune) (1.6.0 cu101)
Requirement already satisfied: torchvision>=0.3.0 in /usr/local/lib/python3.6/dist-packages (from cnn_finetune) (0.7.0 cu101)
Collecting pretrainedmodels>=0.7.4
Downloading https://pypi.flyai.com/packages/84/0e/be6a0e58447ac16c938799d49bfb5fb7a80ac35e137547fc6cee2c08c4cf/pretrainedmodels-0.7.4.tar.gz (58 kB)
Requirement already satisfied: scipy in /usr/local/lib/python3.6/dist-packages (from cnn_finetune) (1.4.1)
Requirement already satisfied: tqdm in /usr/local/lib/python3.6/dist-packages (from cnn_finetune) (4.45.0)
Requirement already satisfied: future in /usr/local/lib/python3.6/dist-packages (from torch->cnn_finetune) (0.18.2)
Requirement already satisfied: numpy in /usr/local/lib/python3.6/dist-packages (from torch->cnn_finetune) (1.18.3)
Requirement already satisfied: pillow>=4.1.1 in /usr/local/lib/python3.6/dist-packages (from torchvision>=0.3.0->cnn_finetune) (7.1.1)
Collecting munch
Downloading https://pypi.flyai.com/packages/cc/ab/85d8da5c9a45e072301beb37ad7f833cd344e04c817d97e0cc75681d248f/munch-2.5.0-py2.py3-none-any.whl (10 kB)
Requirement already satisfied: six in /usr/local/lib/python3.6/dist-packages (from munch->pretrainedmodels>=0.7.4->cnn_finetune) (1.14.0)
Building wheels for collected packages: cnn-finetune, pretrainedmodels
Building wheel for cnn-finetune (setup.py): started
Building wheel for cnn-finetune (setup.py): finished with status 'done'
Created wheel for cnn-finetune: filename=cnn_finetune-0.6.0-py3-none-any.whl size=11432 sha256=9aa54e9685722fc2a3e2c5d611cb8c8ce6b9cc9daa1bf1102da1511750dfce12
Stored in directory: /root/.cache/pip/wheels/9b/d9/82/f8b9045d146050042c2e6ab22c44a27eef49ffe2bbc3412256
Building wheel for pretrainedmodels (setup.py): started
Building wheel for pretrainedmodels (setup.py): finished with status 'done'
Created wheel for pretrainedmodels: filename=pretrainedmodels-0.7.4-py3-none-any.whl size=60962 sha256=3c3bf65482004e5126890340ab89619295736e95baeecd0908724c15ef77e9e2
Stored in directory: /root/.cache/pip/wheels/e8/ba/a6/a8ad2367db2fbaabb853dc408d93c466f36305dfc8b8ea35e7
Successfully built cnn-finetune pretrainedmodels
Installing collected packages: munch, pretrainedmodels, cnn-finetune
Successfully installed cnn-finetune-0.6.0 munch-2.5.0 pretrainedmodels-0.7.4
You should consider upgrading via the '/usr/bin/python3 -m pip install --upgrade pip' command.
Looking in indexes: https://pypi.flyai.com/simple
Requirement already satisfied: numpy in /usr/local/lib/python3.6/dist-packages (1.18.3)
You should consider upgrading via the '/usr/bin/python3 -m pip install --upgrade pip' command.
('dataset/ButterflyClassification/train.zip', 'total size: ', 670, 'MB')
('本地训练提供', '20%', '的数据，线上训练会提供全量数据。')
('数据集详细信息请访问:', 'ButterflyClassification')
before augment: 20223
after augment: 25223
train_size: 25223, val_size: 5056
len(dataset): 25223
len(tmp_label): 200
num_count: [('Gonepteryx_rhamni', 702), ('Catopsilia_pomona', 342), ('Eurema_hecabe', 338), ('Neptis_hylas', 330), ('Hebomoia_glaucippe', 310), ('Apatura_ilia', 292), ('Apatura_iris', 256), ('Eurema_blanda', 250), ('Junonia_orithya', 229), ('Junonia_iphita', 228), ('Delias_pasithoe', 219), ('Junonia_atlites', 217), ('Junonia_almana', 209), ('Symbrenthia_lilaea', 201), ('Cethosia_biblis', 201), ('Danaus_chrysippus', 194), ('Clossiana_euphrosyne', 188), ('Kallima_inachus', 180), ('Parnara_guttata', 177), ('Vanessa_cardui', 175), ('Colias_palaeno', 175), ('Junonia_hierta', 173), ('Zemeros_flegyas', 172), ('Parnassius_phoebus', 168), ('Acraea_issoria', 167), ('Pazala_eurous', 167), ('Iphiclides_podalirius', 167), ('Parantica_aglea', 166), ('Ideopsis_similis', 166), ('Colias_erate', 164), ('Danaus_plexippus', 157), ('Papilio_maackii', 154), ('Cethosia_cyane', 148), ('Tirumala_septentrionis', 144), ('Pathysa_antiphates', 142), ('Atrophaneura_horishanus', 142), ('Pachliopta_aristolochiae', 138), ('Byasa_alcinous', 136), ('Troides_magellanus', 133), ('Byasa_polyeuctes', 130), ('Colias_hyale', 129), ('Hypolimnas_bolina', 127), ('Pieris_canidia', 126), ('Sericinus_montelus', 126), ('Hestina_assimilis', 125), ('Kaniska_canace', 125), ('Polyura_athamas', 125), ('Faunis_eumeus', 125), ('Libythea_lepita', 125), ('Abisara_echerius', 124), ('Pieris_melete', 121), ('Cyrestis_thyodamas', 119), ('Elymnias_hypermnestra', 119), ('Mycalesis_perseus', 118), ('Udaspes_folus', 117), ('Mycalesis_gotama', 117), ('Papilio_hermosanus', 116), ('Melanitis_leda', 113), ('Iambrix_salsala', 110), ('Papilio_hoppo', 109), ('Melanitis_phedima', 108), ('Loxura_atymnus', 108), ('Notocrypta_curvifascia', 106), ('Polygonia_caureum', 105), ('Curetis_acuta', 105), ('Hasora_badra', 105), ('Pieris_rapae', 104), ('Parantica_sita', 103), ('Lethe_confusa', 103), ('Parnassius_apollo', 102), ('Pseudocoladenia_dan', 102), ('Tirumala_limniace', 101), ('Danaus_genutia', 98), ('Athyma_perius', 98), ('Odontoptilum_angulatum', 97), ('Stichophthalma_howqua', 97), ('Lethe_chandica', 96), ('Pieris_napi', 95), ('Cepora_nerissa', 94), ('Vanessa_indica', 93), ('Acraea_terpsicore', 92), ('Iraota_timoleon', 92), ('Leptidea_sinapis', 92), ('Eurema_laeta', 91), ('Clossiana_dia', 91), ('Daimio_tethys', 91), ('Troides_helena', 91), ('Badamia_exclamationis', 89), ('Papilio_machaon', 88), ('Ypthima_baldus', 87), ('Parantica_melaneus', 87), ('Papilio_prexaspes', 86), ('Taraka_hamada', 86), ('Rohana_parisatis', 86), ('Papilio_bianor', 85), ('Atrophaneura_varuna', 85), ('Troides_aeacus', 84), ('Lampides_boeticus', 84), ('Gonepteryx_amintha', 83), ('Papilio_dialis', 83), ('Horaga_onyx', 83), ('Burara_gomata', 79), ('Papilio_memnon', 79), ('Erionota_torus', 78), ('Athyma_ranga', 78), ('Euploea_tulliolus', 76), ('Isoteinon_lamprospilus', 76), ('Eurema_mandarina', 76), ('Euploea_core', 75), ('Artipe_eryx', 75), ('Dodona_eugenes', 75), ('Papilio_arcturus', 75), ('Stibochiona_nicea', 74), ('Luehdorfia_chinensis', 74), ('Eurema_andersoni', 74), ('Neope_pulaha', 72), ('Euploea_midamus', 72), ('Sasakia_charonda', 72), ('Charaxes_bernardus', 71), ('Ariadne_ariadne', 71), ('Clossiana_titania', 71), ('Papilio_xuthus', 68), ('Issoria_lathonia', 68), ('Colias_fieldii', 68), ('Mycalesis_intermedia', 68), ('Polyura_narcaea', 68), ('Astictopterus_jama', 68), ('Pazala_mullah', 67), ('Limenitis_sulpitia', 67), ('Amblopala_avidiena', 67), ('Timelaea_albescens', 67), ('Ampittia_virgata', 65), ('Polyura_eudamippus', 64), ('Abraximorpha_davidii', 64), ('Neptis_miah', 64), ('Calinaga_buddha', 63), ('Zizeeria_maha', 63), ('Miletus_chinensis', 63), ('Parnassius_nomion', 63), ('Graphium_sarpedon', 62), ('Libythea_myrrha', 61), ('Papilio_alcmenor', 61), ('Papilio_polytes', 61), ('Hasora_anura', 61), ('Papilio_paris', 60), ('Delias_descombesi', 60), ('Gandaca_harina', 58), ('Lamproptera_curius', 57), ('Clossiana_freija', 57), ('Catopsilia_scylla', 57), ('SpinDasis_syama', 57), ('Ariadne_merione', 57), ('Byasa_dasarada', 56), ('Delias_acalis', 56), ('Ancistroides_nigrita', 56), ('Proclossiana_eunomia', 56), ('Lamproptera_meges', 56), ('Teinopalpus_imperialis', 55), ('Lethe_syrcis', 55), ('Rapala_nissa', 55), ('Losaria_coon', 55), ('Tagiades_menaka', 54), ('Graphium_agamemnon', 52), ('Papilio_protenor', 52), ('Hasora_vitta', 51), ('Delias_belladonna', 51), ('Euploea_sylvester', 50), ('Teinopalpus_aureus', 50), ('Catopsilia_pyranthe', 50), ('Aemona_amathusia', 49), ('Celaenorrhinus_maculosus', 49), ('Doleschallia_bisaltide', 49), ('Bhutanitis_lidderdalii', 48), ('Meandrusa_payeni', 48), ('Penthema_darlisa', 47), ('Damora_sagana', 47), ('Ideopsis_vulgaris', 47), ('Eurema_brigitta', 46), ('Tongeia_potanini', 45), ('Horaga_albimacula', 45), ('Papilio_nephelus', 44), ('Graphium_cloanthus', 43), ('Jamides_bochus', 42), ('Meandrusa_sciron', 42), ('Mandarinia_regalis', 42), ('Leptidea_amurensis', 41), ('Idea_leuconoe', 41), ('Penthema_formosanum', 41), ('Ussuriana_michaelis', 40), ('Mahathala_ameria', 39), ('Sephisa_chandra', 38), ('Leptidea_morsei', 35), ('Papilio_Krishna', 34), ('Arhopala_rama', 34), ('Allotinus_drumila', 33), ('Ypthima_praenubila', 31), ('Chitoria_ulupi', 31), ('Arhopala_paramuta', 28), ('Euthalia_niepelti', 28), ('Seseria_dohertyi', 20)]
len(dataset): 5056
len(tmp_label): 200
num_count: [('Gonepteryx_rhamni', 702), ('Catopsilia_pomona', 342), ('Eurema_hecabe', 338), ('Neptis_hylas', 330), ('Hebomoia_glaucippe', 310), ('Apatura_ilia', 292), ('Apatura_iris', 256), ('Eurema_blanda', 250), ('Junonia_orithya', 229), ('Junonia_iphita', 228), ('Delias_pasithoe', 219), ('Junonia_atlites', 217), ('Junonia_almana', 209), ('Symbrenthia_lilaea', 201), ('Cethosia_biblis', 201), ('Danaus_chrysippus', 194), ('Clossiana_euphrosyne', 188), ('Kallima_inachus', 180), ('Parnara_guttata', 177), ('Vanessa_cardui', 175), ('Colias_palaeno', 175), ('Junonia_hierta', 173), ('Zemeros_flegyas', 172), ('Parnassius_phoebus', 168), ('Acraea_issoria', 167), ('Pazala_eurous', 167), ('Iphiclides_podalirius', 167), ('Parantica_aglea', 166), ('Ideopsis_similis', 166), ('Colias_erate', 164), ('Danaus_plexippus', 157), ('Papilio_maackii', 154), ('Cethosia_cyane', 148), ('Tirumala_septentrionis', 144), ('Pathysa_antiphates', 142), ('Atrophaneura_horishanus', 142), ('Pachliopta_aristolochiae', 138), ('Byasa_alcinous', 136), ('Troides_magellanus', 133), ('Byasa_polyeuctes', 130), ('Colias_hyale', 129), ('Hypolimnas_bolina', 127), ('Pieris_canidia', 126), ('Sericinus_montelus', 126), ('Hestina_assimilis', 125), ('Kaniska_canace', 125), ('Polyura_athamas', 125), ('Faunis_eumeus', 125), ('Libythea_lepita', 125), ('Abisara_echerius', 124), ('Pieris_melete', 121), ('Cyrestis_thyodamas', 119), ('Elymnias_hypermnestra', 119), ('Mycalesis_perseus', 118), ('Udaspes_folus', 117), ('Mycalesis_gotama', 117), ('Papilio_hermosanus', 116), ('Melanitis_leda', 113), ('Iambrix_salsala', 110), ('Papilio_hoppo', 109), ('Melanitis_phedima', 108), ('Loxura_atymnus', 108), ('Notocrypta_curvifascia', 106), ('Polygonia_caureum', 105), ('Curetis_acuta', 105), ('Hasora_badra', 105), ('Pieris_rapae', 104), ('Parantica_sita', 103), ('Lethe_confusa', 103), ('Parnassius_apollo', 102), ('Pseudocoladenia_dan', 102), ('Tirumala_limniace', 101), ('Danaus_genutia', 98), ('Athyma_perius', 98), ('Odontoptilum_angulatum', 97), ('Stichophthalma_howqua', 97), ('Lethe_chandica', 96), ('Pieris_napi', 95), ('Cepora_nerissa', 94), ('Vanessa_indica', 93), ('Acraea_terpsicore', 92), ('Iraota_timoleon', 92), ('Leptidea_sinapis', 92), ('Eurema_laeta', 91), ('Clossiana_dia', 91), ('Daimio_tethys', 91), ('Troides_helena', 91), ('Badamia_exclamationis', 89), ('Papilio_machaon', 88), ('Ypthima_baldus', 87), ('Parantica_melaneus', 87), ('Papilio_prexaspes', 86), ('Taraka_hamada', 86), ('Rohana_parisatis', 86), ('Papilio_bianor', 85), ('Atrophaneura_varuna', 85), ('Troides_aeacus', 84), ('Lampides_boeticus', 84), ('Gonepteryx_amintha', 83), ('Papilio_dialis', 83), ('Horaga_onyx', 83), ('Burara_gomata', 79), ('Papilio_memnon', 79), ('Erionota_torus', 78), ('Athyma_ranga', 78), ('Euploea_tulliolus', 76), ('Isoteinon_lamprospilus', 76), ('Eurema_mandarina', 76), ('Euploea_core', 75), ('Artipe_eryx', 75), ('Dodona_eugenes', 75), ('Papilio_arcturus', 75), ('Stibochiona_nicea', 74), ('Luehdorfia_chinensis', 74), ('Eurema_andersoni', 74), ('Neope_pulaha', 72), ('Euploea_midamus', 72), ('Sasakia_charonda', 72), ('Charaxes_bernardus', 71), ('Ariadne_ariadne', 71), ('Clossiana_titania', 71), ('Papilio_xuthus', 68), ('Issoria_lathonia', 68), ('Colias_fieldii', 68), ('Mycalesis_intermedia', 68), ('Polyura_narcaea', 68), ('Astictopterus_jama', 68), ('Pazala_mullah', 67), ('Limenitis_sulpitia', 67), ('Amblopala_avidiena', 67), ('Timelaea_albescens', 67), ('Ampittia_virgata', 65), ('Polyura_eudamippus', 64), ('Abraximorpha_davidii', 64), ('Neptis_miah', 64), ('Calinaga_buddha', 63), ('Zizeeria_maha', 63), ('Miletus_chinensis', 63), ('Parnassius_nomion', 63), ('Graphium_sarpedon', 62), ('Libythea_myrrha', 61), ('Papilio_alcmenor', 61), ('Papilio_polytes', 61), ('Hasora_anura', 61), ('Papilio_paris', 60), ('Delias_descombesi', 60), ('Gandaca_harina', 58), ('Lamproptera_curius', 57), ('Clossiana_freija', 57), ('Catopsilia_scylla', 57), ('SpinDasis_syama', 57), ('Ariadne_merione', 57), ('Byasa_dasarada', 56), ('Delias_acalis', 56), ('Ancistroides_nigrita', 56), ('Proclossiana_eunomia', 56), ('Lamproptera_meges', 56), ('Teinopalpus_imperialis', 55), ('Lethe_syrcis', 55), ('Rapala_nissa', 55), ('Losaria_coon', 55), ('Tagiades_menaka', 54), ('Graphium_agamemnon', 52), ('Papilio_protenor', 52), ('Hasora_vitta', 51), ('Delias_belladonna', 51), ('Euploea_sylvester', 50), ('Teinopalpus_aureus', 50), ('Catopsilia_pyranthe', 50), ('Aemona_amathusia', 49), ('Celaenorrhinus_maculosus', 49), ('Doleschallia_bisaltide', 49), ('Bhutanitis_lidderdalii', 48), ('Meandrusa_payeni', 48), ('Penthema_darlisa', 47), ('Damora_sagana', 47), ('Ideopsis_vulgaris', 47), ('Eurema_brigitta', 46), ('Tongeia_potanini', 45), ('Horaga_albimacula', 45), ('Papilio_nephelus', 44), ('Graphium_cloanthus', 43), ('Jamides_bochus', 42), ('Meandrusa_sciron', 42), ('Mandarinia_regalis', 42), ('Leptidea_amurensis', 41), ('Idea_leuconoe', 41), ('Penthema_formosanum', 41), ('Ussuriana_michaelis', 40), ('Mahathala_ameria', 39), ('Sephisa_chandra', 38), ('Leptidea_morsei', 35), ('Papilio_Krishna', 34), ('Arhopala_rama', 34), ('Allotinus_drumila', 33), ('Ypthima_praenubila', 31), ('Chitoria_ulupi', 31), ('Arhopala_paramuta', 28), ('Euthalia_niepelti', 28), ('Seseria_dohertyi', 20)]
('se_resnext50_32x4d-a260b3a4.pth', 'total size: ', 105, 'MB')
Model download succeeded !
Loading model1...
optim.Adam(model.parameters(), lr=0.002, weight_decay=1e-4)
optim.lr_scheduler.MultiStepLR(optimizer, milestones=[4, 7, 9]
Epoch: 0, Step 0 | 394, Train_Loss 5.3604
Epoch: 0, Step 20 | 394, Train_Loss 90.4948
Epoch: 0, Step 40 | 394, Train_Loss 75.7108
Epoch: 0, Step 60 | 394, Train_Loss 68.8335
Epoch: 0, Step 80 | 394, Train_Loss 61.4970
Epoch: 0, Step 100 | 394, Train_Loss 58.5626
Epoch: 0, Step 120 | 394, Train_Loss 54.9536
Epoch: 0, Step 140 | 394, Train_Loss 54.8268
Epoch: 0, Step 160 | 394, Train_Loss 51.7722
Epoch: 0, Step 180 | 394, Train_Loss 49.5373
Epoch: 0, Step 200 | 394, Train_Loss 49.2511
Epoch: 0, Step 220 | 394, Train_Loss 47.2727
Epoch: 0, Step 240 | 394, Train_Loss 45.6436
Epoch: 0, Step 260 | 394, Train_Loss 45.9414
Epoch: 0, Step 280 | 394, Train_Loss 44.8574
Epoch: 0, Step 300 | 394, Train_Loss 45.1655
Epoch: 0, Step 320 | 394, Train_Loss 42.1882
Epoch: 0, Step 340 | 394, Train_Loss 42.3658
Epoch: 0, Step 360 | 394, Train_Loss 40.9789
Epoch: 0, Step 380 | 394, Train_Loss 41.5730
Current Time: Fri Nov  6 02:34:06 2020
Epoch 0,  Accuracy 65.0316%
Epoch: 1, Step 0 | 394, Train_Loss 1.7379
Epoch: 1, Step 20 | 394, Train_Loss 39.7908
Epoch: 1, Step 40 | 394, Train_Loss 39.2646
Epoch: 1, Step 60 | 394, Train_Loss 37.3333
Epoch: 1, Step 80 | 394, Train_Loss 37.8180
Epoch: 1, Step 100 | 394, Train_Loss 38.1272
Epoch: 1, Step 120 | 394, Train_Loss 37.8318
Epoch: 1, Step 140 | 394, Train_Loss 36.7204
Epoch: 1, Step 160 | 394, Train_Loss 35.7678
Epoch: 1, Step 180 | 394, Train_Loss 37.4154
Epoch: 1, Step 200 | 394, Train_Loss 36.9801
Epoch: 1, Step 220 | 394, Train_Loss 35.7934
Epoch: 1, Step 240 | 394, Train_Loss 35.8967
Epoch: 1, Step 260 | 394, Train_Loss 35.6860
Epoch: 1, Step 280 | 394, Train_Loss 35.4054
Epoch: 1, Step 300 | 394, Train_Loss 35.8138
Epoch: 1, Step 320 | 394, Train_Loss 34.7339
Epoch: 1, Step 340 | 394, Train_Loss 34.4607
Epoch: 1, Step 360 | 394, Train_Loss 35.2294
Epoch: 1, Step 380 | 394, Train_Loss 35.7721
Current Time: Fri Nov  6 03:03:34 2020
Epoch 1,  Accuracy 73.4771%
Epoch: 2, Step 0 | 394, Train_Loss 1.6719
Epoch: 2, Step 20 | 394, Train_Loss 31.9303
Epoch: 2, Step 40 | 394, Train_Loss 31.3286
Epoch: 2, Step 60 | 394, Train_Loss 31.8608
Epoch: 2, Step 80 | 394, Train_Loss 31.3074
Epoch: 2, Step 100 | 394, Train_Loss 31.7393
Epoch: 2, Step 120 | 394, Train_Loss 32.2284
Epoch: 2, Step 140 | 394, Train_Loss 32.3784
Epoch: 2, Step 160 | 394, Train_Loss 32.6794
Epoch: 2, Step 180 | 394, Train_Loss 32.6992
Epoch: 2, Step 200 | 394, Train_Loss 32.3629
Epoch: 2, Step 220 | 394, Train_Loss 32.1035
Epoch: 2, Step 240 | 394, Train_Loss 31.5671
Epoch: 2, Step 260 | 394, Train_Loss 31.6343
Epoch: 2, Step 280 | 394, Train_Loss 32.2145
Epoch: 2, Step 300 | 394, Train_Loss 31.4202
Epoch: 2, Step 320 | 394, Train_Loss 32.4702
Epoch: 2, Step 340 | 394, Train_Loss 32.4757
Epoch: 2, Step 360 | 394, Train_Loss 31.3621
Epoch: 2, Step 380 | 394, Train_Loss 31.8087
Current Time: Fri Nov  6 03:32:47 2020
Epoch 2,  Accuracy 79.0348%
Epoch: 3, Step 0 | 394, Train_Loss 1.5218
Epoch: 3, Step 20 | 394, Train_Loss 29.1411
Epoch: 3, Step 40 | 394, Train_Loss 29.6988
Epoch: 3, Step 60 | 394, Train_Loss 28.8539
Epoch: 3, Step 80 | 394, Train_Loss 28.9738
Epoch: 3, Step 100 | 394, Train_Loss 30.1147
Epoch: 3, Step 120 | 394, Train_Loss 29.0955
Epoch: 3, Step 140 | 394, Train_Loss 28.6280
Epoch: 3, Step 160 | 394, Train_Loss 28.5220
Epoch: 3, Step 180 | 394, Train_Loss 30.4986
Epoch: 3, Step 200 | 394, Train_Loss 29.5144
Epoch: 3, Step 220 | 394, Train_Loss 29.8179
Epoch: 3, Step 240 | 394, Train_Loss 29.1924
Epoch: 3, Step 260 | 394, Train_Loss 30.6099
Epoch: 3, Step 280 | 394, Train_Loss 30.2666
Epoch: 3, Step 300 | 394, Train_Loss 29.7331
Epoch: 3, Step 320 | 394, Train_Loss 29.7874
Epoch: 3, Step 340 | 394, Train_Loss 30.6753
Epoch: 3, Step 360 | 394, Train_Loss 31.4087
Epoch: 3, Step 380 | 394, Train_Loss 29.7809
Current Time: Fri Nov  6 04:02:15 2020
Epoch 3,  Accuracy 81.5071%
Epoch: 4, Step 0 | 394, Train_Loss 1.4211
Epoch: 4, Step 20 | 394, Train_Loss 27.9648
Epoch: 4, Step 40 | 394, Train_Loss 28.0964
Epoch: 4, Step 60 | 394, Train_Loss 27.3424
Epoch: 4, Step 80 | 394, Train_Loss 27.8384
Epoch: 4, Step 100 | 394, Train_Loss 27.9446
Epoch: 4, Step 120 | 394, Train_Loss 27.8932
Epoch: 4, Step 140 | 394, Train_Loss 28.3645
Epoch: 4, Step 160 | 394, Train_Loss 28.5657
Epoch: 4, Step 180 | 394, Train_Loss 27.5379
Epoch: 4, Step 200 | 394, Train_Loss 28.5840
Epoch: 4, Step 220 | 394, Train_Loss 28.9046
Epoch: 4, Step 240 | 394, Train_Loss 28.0728
Epoch: 4, Step 260 | 394, Train_Loss 29.2944
Epoch: 4, Step 280 | 394, Train_Loss 29.8441
Epoch: 4, Step 300 | 394, Train_Loss 29.0891
Epoch: 4, Step 320 | 394, Train_Loss 29.0605
Epoch: 4, Step 340 | 394, Train_Loss 29.2183
Epoch: 4, Step 360 | 394, Train_Loss 28.6349
Epoch: 4, Step 380 | 394, Train_Loss 29.2105
Current Time: Fri Nov  6 04:31:44 2020
Epoch 4,  Accuracy 81.2896%
Epoch: 5, Step 0 | 394, Train_Loss 1.3466
Epoch: 5, Step 20 | 394, Train_Loss 26.3946
Epoch: 5, Step 40 | 394, Train_Loss 24.5411
Epoch: 5, Step 60 | 394, Train_Loss 24.3166
Epoch: 5, Step 80 | 394, Train_Loss 24.0688
Epoch: 5, Step 100 | 394, Train_Loss 23.4343
Epoch: 5, Step 120 | 394, Train_Loss 23.2461
Epoch: 5, Step 140 | 394, Train_Loss 22.9373
Epoch: 5, Step 160 | 394, Train_Loss 22.7813
Epoch: 5, Step 180 | 394, Train_Loss 22.7281
Epoch: 5, Step 200 | 394, Train_Loss 22.6154
Epoch: 5, Step 220 | 394, Train_Loss 22.9134
Epoch: 5, Step 240 | 394, Train_Loss 22.7007
Epoch: 5, Step 260 | 394, Train_Loss 22.7362
Epoch: 5, Step 280 | 394, Train_Loss 22.1751
Epoch: 5, Step 300 | 394, Train_Loss 22.6803
Epoch: 5, Step 320 | 394, Train_Loss 22.6095
Epoch: 5, Step 340 | 394, Train_Loss 22.4772
Epoch: 5, Step 360 | 394, Train_Loss 22.6874
Epoch: 5, Step 380 | 394, Train_Loss 22.6245
Current Time: Fri Nov  6 05:01:09 2020
Epoch 5,  Accuracy 95.8663%
Epoch: 6, Step 0 | 394, Train_Loss 1.0559
Epoch: 6, Step 20 | 394, Train_Loss 21.5041
Epoch: 6, Step 40 | 394, Train_Loss 21.4766
Epoch: 6, Step 60 | 394, Train_Loss 21.3356
Epoch: 6, Step 80 | 394, Train_Loss 21.6727
Epoch: 6, Step 100 | 394, Train_Loss 21.2021
Epoch: 6, Step 120 | 394, Train_Loss 21.4430
Epoch: 6, Step 140 | 394, Train_Loss 21.4063
Epoch: 6, Step 160 | 394, Train_Loss 21.2532
Epoch: 6, Step 180 | 394, Train_Loss 21.2301
Epoch: 6, Step 200 | 394, Train_Loss 21.1262
Epoch: 6, Step 220 | 394, Train_Loss 21.0251
Epoch: 6, Step 240 | 394, Train_Loss 21.1960
Epoch: 6, Step 260 | 394, Train_Loss 21.5729
Epoch: 6, Step 280 | 394, Train_Loss 21.1438
Epoch: 6, Step 300 | 394, Train_Loss 21.3967
Epoch: 6, Step 320 | 394, Train_Loss 21.3244
Epoch: 6, Step 340 | 394, Train_Loss 21.4196
Epoch: 6, Step 360 | 394, Train_Loss 20.8260
Epoch: 6, Step 380 | 394, Train_Loss 21.2176
Current Time: Fri Nov  6 05:30:32 2020
Epoch 6,  Accuracy 97.4684%
Epoch: 7, Step 0 | 394, Train_Loss 1.1084
Epoch: 7, Step 20 | 394, Train_Loss 20.4505
Epoch: 7, Step 40 | 394, Train_Loss 20.3122
Epoch: 7, Step 60 | 394, Train_Loss 20.4473
Epoch: 7, Step 80 | 394, Train_Loss 20.5202
Epoch: 7, Step 100 | 394, Train_Loss 20.4846
Epoch: 7, Step 120 | 394, Train_Loss 20.6177
Epoch: 7, Step 140 | 394, Train_Loss 20.4259
Epoch: 7, Step 160 | 394, Train_Loss 20.4326
Epoch: 7, Step 180 | 394, Train_Loss 20.5636
Epoch: 7, Step 200 | 394, Train_Loss 20.6259
Epoch: 7, Step 220 | 394, Train_Loss 20.5713
Epoch: 7, Step 240 | 394, Train_Loss 20.4427
Epoch: 7, Step 260 | 394, Train_Loss 20.7634
Epoch: 7, Step 280 | 394, Train_Loss 20.3889
Epoch: 7, Step 300 | 394, Train_Loss 20.5691
Epoch: 7, Step 320 | 394, Train_Loss 20.9909
Epoch: 7, Step 340 | 394, Train_Loss 20.8908
Epoch: 7, Step 360 | 394, Train_Loss 20.6571
Epoch: 7, Step 380 | 394, Train_Loss 20.5189
Current Time: Fri Nov  6 05:59:49 2020
Epoch 7,  Accuracy 97.8244%
Epoch: 8, Step 0 | 394, Train_Loss 0.9654
Epoch: 8, Step 20 | 394, Train_Loss 19.9256
Epoch: 8, Step 40 | 394, Train_Loss 19.7971
Epoch: 8, Step 60 | 394, Train_Loss 19.9575
Epoch: 8, Step 80 | 394, Train_Loss 19.6701
Epoch: 8, Step 100 | 394, Train_Loss 19.7946
Epoch: 8, Step 120 | 394, Train_Loss 19.6398
Epoch: 8, Step 140 | 394, Train_Loss 19.8102
Epoch: 8, Step 160 | 394, Train_Loss 19.6636
Epoch: 8, Step 180 | 394, Train_Loss 19.4882
Epoch: 8, Step 200 | 394, Train_Loss 19.5001
Epoch: 8, Step 220 | 394, Train_Loss 19.5328
Epoch: 8, Step 240 | 394, Train_Loss 19.4181
Epoch: 8, Step 260 | 394, Train_Loss 19.5596
Epoch: 8, Step 280 | 394, Train_Loss 19.6477
Epoch: 8, Step 300 | 394, Train_Loss 19.6514
Epoch: 8, Step 320 | 394, Train_Loss 19.4226
Epoch: 8, Step 340 | 394, Train_Loss 19.7077
Epoch: 8, Step 360 | 394, Train_Loss 19.6566
Epoch: 8, Step 380 | 394, Train_Loss 19.4397
Current Time: Fri Nov  6 06:29:14 2020
Epoch 8,  Accuracy 98.8331%
Epoch: 9, Step 0 | 394, Train_Loss 1.0161
Epoch: 9, Step 20 | 394, Train_Loss 19.3995
Epoch: 9, Step 40 | 394, Train_Loss 19.3053
Epoch: 9, Step 60 | 394, Train_Loss 19.4840
Epoch: 9, Step 80 | 394, Train_Loss 19.4439
Epoch: 9, Step 100 | 394, Train_Loss 19.4031
Epoch: 9, Step 120 | 394, Train_Loss 19.3464
Epoch: 9, Step 140 | 394, Train_Loss 19.4106
Epoch: 9, Step 160 | 394, Train_Loss 19.1769
Epoch: 9, Step 180 | 394, Train_Loss 19.3113
Epoch: 9, Step 200 | 394, Train_Loss 19.3293
Epoch: 9, Step 220 | 394, Train_Loss 19.2776
Epoch: 9, Step 240 | 394, Train_Loss 19.3925
Epoch: 9, Step 260 | 394, Train_Loss 19.2980
Epoch: 9, Step 280 | 394, Train_Loss 19.4872
Epoch: 9, Step 300 | 394, Train_Loss 19.3451
Epoch: 9, Step 320 | 394, Train_Loss 19.1556
Epoch: 9, Step 340 | 394, Train_Loss 19.2240
Epoch: 9, Step 360 | 394, Train_Loss 19.1994
Epoch: 9, Step 380 | 394, Train_Loss 19.3270
Current Time: Fri Nov  6 06:58:31 2020
Epoch 9,  Accuracy 99.0111%
Current model ends, saved the model.
len(tmp_label): 200
num_count: [('Gonepteryx_rhamni', 702), ('Catopsilia_pomona', 342), ('Eurema_hecabe', 338), ('Neptis_hylas', 330), ('Hebomoia_glaucippe', 310), ('Apatura_ilia', 292), ('Apatura_iris', 256), ('Eurema_blanda', 250), ('Junonia_orithya', 229), ('Junonia_iphita', 228), ('Delias_pasithoe', 219), ('Junonia_atlites', 217), ('Junonia_almana', 209), ('Symbrenthia_lilaea', 201), ('Cethosia_biblis', 201), ('Danaus_chrysippus', 194), ('Clossiana_euphrosyne', 188), ('Kallima_inachus', 180), ('Parnara_guttata', 177), ('Vanessa_cardui', 175), ('Colias_palaeno', 175), ('Junonia_hierta', 173), ('Zemeros_flegyas', 172), ('Parnassius_phoebus', 168), ('Acraea_issoria', 167), ('Pazala_eurous', 167), ('Iphiclides_podalirius', 167), ('Parantica_aglea', 166), ('Ideopsis_similis', 166), ('Colias_erate', 164), ('Danaus_plexippus', 157), ('Papilio_maackii', 154), ('Cethosia_cyane', 148), ('Tirumala_septentrionis', 144), ('Pathysa_antiphates', 142), ('Atrophaneura_horishanus', 142), ('Pachliopta_aristolochiae', 138), ('Byasa_alcinous', 136), ('Troides_magellanus', 133), ('Byasa_polyeuctes', 130), ('Colias_hyale', 129), ('Hypolimnas_bolina', 127), ('Pieris_canidia', 126), ('Sericinus_montelus', 126), ('Hestina_assimilis', 125), ('Kaniska_canace', 125), ('Polyura_athamas', 125), ('Faunis_eumeus', 125), ('Libythea_lepita', 125), ('Abisara_echerius', 124), ('Pieris_melete', 121), ('Cyrestis_thyodamas', 119), ('Elymnias_hypermnestra', 119), ('Mycalesis_perseus', 118), ('Udaspes_folus', 117), ('Mycalesis_gotama', 117), ('Papilio_hermosanus', 116), ('Melanitis_leda', 113), ('Iambrix_salsala', 110), ('Papilio_hoppo', 109), ('Melanitis_phedima', 108), ('Loxura_atymnus', 108), ('Notocrypta_curvifascia', 106), ('Polygonia_caureum', 105), ('Curetis_acuta', 105), ('Hasora_badra', 105), ('Pieris_rapae', 104), ('Parantica_sita', 103), ('Lethe_confusa', 103), ('Parnassius_apollo', 102), ('Pseudocoladenia_dan', 102), ('Tirumala_limniace', 101), ('Danaus_genutia', 98), ('Athyma_perius', 98), ('Odontoptilum_angulatum', 97), ('Stichophthalma_howqua', 97), ('Lethe_chandica', 96), ('Pieris_napi', 95), ('Cepora_nerissa', 94), ('Vanessa_indica', 93), ('Acraea_terpsicore', 92), ('Iraota_timoleon', 92), ('Leptidea_sinapis', 92), ('Eurema_laeta', 91), ('Clossiana_dia', 91), ('Daimio_tethys', 91), ('Troides_helena', 91), ('Badamia_exclamationis', 89), ('Papilio_machaon', 88), ('Ypthima_baldus', 87), ('Parantica_melaneus', 87), ('Papilio_prexaspes', 86), ('Taraka_hamada', 86), ('Rohana_parisatis', 86), ('Papilio_bianor', 85), ('Atrophaneura_varuna', 85), ('Troides_aeacus', 84), ('Lampides_boeticus', 84), ('Gonepteryx_amintha', 83), ('Papilio_dialis', 83), ('Horaga_onyx', 83), ('Burara_gomata', 79), ('Papilio_memnon', 79), ('Erionota_torus', 78), ('Athyma_ranga', 78), ('Euploea_tulliolus', 76), ('Isoteinon_lamprospilus', 76), ('Eurema_mandarina', 76), ('Euploea_core', 75), ('Artipe_eryx', 75), ('Dodona_eugenes', 75), ('Papilio_arcturus', 75), ('Stibochiona_nicea', 74), ('Luehdorfia_chinensis', 74), ('Eurema_andersoni', 74), ('Neope_pulaha', 72), ('Euploea_midamus', 72), ('Sasakia_charonda', 72), ('Charaxes_bernardus', 71), ('Ariadne_ariadne', 71), ('Clossiana_titania', 71), ('Papilio_xuthus', 68), ('Issoria_lathonia', 68), ('Colias_fieldii', 68), ('Mycalesis_intermedia', 68), ('Polyura_narcaea', 68), ('Astictopterus_jama', 68), ('Pazala_mullah', 67), ('Limenitis_sulpitia', 67), ('Amblopala_avidiena', 67), ('Timelaea_albescens', 67), ('Ampittia_virgata', 65), ('Polyura_eudamippus', 64), ('Abraximorpha_davidii', 64), ('Neptis_miah', 64), ('Calinaga_buddha', 63), ('Zizeeria_maha', 63), ('Miletus_chinensis', 63), ('Parnassius_nomion', 63), ('Graphium_sarpedon', 62), ('Libythea_myrrha', 61), ('Papilio_alcmenor', 61), ('Papilio_polytes', 61), ('Hasora_anura', 61), ('Papilio_paris', 60), ('Delias_descombesi', 60), ('Gandaca_harina', 58), ('Lamproptera_curius', 57), ('Clossiana_freija', 57), ('Catopsilia_scylla', 57), ('SpinDasis_syama', 57), ('Ariadne_merione', 57), ('Byasa_dasarada', 56), ('Delias_acalis', 56), ('Ancistroides_nigrita', 56), ('Proclossiana_eunomia', 56), ('Lamproptera_meges', 56), ('Teinopalpus_imperialis', 55), ('Lethe_syrcis', 55), ('Rapala_nissa', 55), ('Losaria_coon', 55), ('Tagiades_menaka', 54), ('Graphium_agamemnon', 52), ('Papilio_protenor', 52), ('Hasora_vitta', 51), ('Delias_belladonna', 51), ('Euploea_sylvester', 50), ('Teinopalpus_aureus', 50), ('Catopsilia_pyranthe', 50), ('Aemona_amathusia', 49), ('Celaenorrhinus_maculosus', 49), ('Doleschallia_bisaltide', 49), ('Bhutanitis_lidderdalii', 48), ('Meandrusa_payeni', 48), ('Penthema_darlisa', 47), ('Damora_sagana', 47), ('Ideopsis_vulgaris', 47), ('Eurema_brigitta', 46), ('Tongeia_potanini', 45), ('Horaga_albimacula', 45), ('Papilio_nephelus', 44), ('Graphium_cloanthus', 43), ('Jamides_bochus', 42), ('Meandrusa_sciron', 42), ('Mandarinia_regalis', 42), ('Leptidea_amurensis', 41), ('Idea_leuconoe', 41), ('Penthema_formosanum', 41), ('Ussuriana_michaelis', 40), ('Mahathala_ameria', 39), ('Sephisa_chandra', 38), ('Leptidea_morsei', 35), ('Papilio_Krishna', 34), ('Arhopala_rama', 34), ('Allotinus_drumila', 33), ('Ypthima_praenubila', 31), ('Chitoria_ulupi', 31), ('Arhopala_paramuta', 28), ('Euthalia_niepelti', 28), ('Seseria_dohertyi', 20)]
Current Pred: 1/5056
Current Pred: 201/5056
Current Pred: 401/5056
Current Pred: 601/5056
Current Pred: 801/5056
Current Pred: 1001/5056
Current Pred: 1201/5056
Current Pred: 1401/5056
Current Pred: 1601/5056
Current Pred: 1801/5056
Current Pred: 2001/5056
Current Pred: 2201/5056
Current Pred: 2401/5056
Current Pred: 2601/5056
Current Pred: 2801/5056
Current Pred: 3001/5056
Current Pred: 3201/5056
Current Pred: 3401/5056
Current Pred: 3601/5056
Current Pred: 3801/5056
Current Pred: 4001/5056
Current Pred: 4201/5056
Current Pred: 4401/5056
Current Pred: 4601/5056
Current Pred: 4801/5056
Current Pred: 5001/5056
{"score": 87.54, "label": "The Score is Total ACC", "info": ""}
