Looking in indexes: https://pypi.flyai.com/simple
Collecting resnest
Downloading https://pypi.flyai.com/packages/74/ab/bdd1a6ae83f13a268c736c7be2f14207f836711e22daa64d46b57262b66b/resnest-0.0.5-py3-none-any.whl (30 kB)
Requirement already satisfied: Pillow in /usr/local/lib/python3.6/dist-packages (from resnest) (7.1.1)
Requirement already satisfied: torch>=1.0.0 in /usr/local/lib/python3.6/dist-packages (from resnest) (1.6.0 cu101)
Requirement already satisfied: nose in /usr/local/lib/python3.6/dist-packages (from resnest) (1.3.7)
Requirement already satisfied: tqdm in /usr/local/lib/python3.6/dist-packages (from resnest) (4.45.0)
Requirement already satisfied: requests in /usr/local/lib/python3.6/dist-packages (from resnest) (2.23.0)
Requirement already satisfied: numpy in /usr/local/lib/python3.6/dist-packages (from resnest) (1.18.3)
Requirement already satisfied: scipy in /usr/local/lib/python3.6/dist-packages (from resnest) (1.4.1)
Requirement already satisfied: future in /usr/local/lib/python3.6/dist-packages (from torch>=1.0.0->resnest) (0.18.2)
Requirement already satisfied: idna<3,>=2.5 in /usr/local/lib/python3.6/dist-packages (from requests->resnest) (2.9)
Requirement already satisfied: certifi>=2017.4.17 in /usr/local/lib/python3.6/dist-packages (from requests->resnest) (2020.4.5.1)
Requirement already satisfied: urllib3!=1.25.0,!=1.25.1,<1.26,>=1.21.1 in /usr/local/lib/python3.6/dist-packages (from requests->resnest) (1.25.9)
Requirement already satisfied: chardet<4,>=3.0.2 in /usr/local/lib/python3.6/dist-packages (from requests->resnest) (3.0.4)
Installing collected packages: resnest
Successfully installed resnest-0.0.5
You should consider upgrading via the '/usr/bin/python3 -m pip install --upgrade pip' command.
Looking in indexes: https://pypi.flyai.com/simple
Requirement already satisfied: scipy in /usr/local/lib/python3.6/dist-packages (1.4.1)
Requirement already satisfied: numpy>=1.13.3 in /usr/local/lib/python3.6/dist-packages (from scipy) (1.18.3)
You should consider upgrading via the '/usr/bin/python3 -m pip install --upgrade pip' command.
Looking in indexes: https://pypi.flyai.com/simple
Requirement already satisfied: Pillow in /usr/local/lib/python3.6/dist-packages (7.1.1)
You should consider upgrading via the '/usr/bin/python3 -m pip install --upgrade pip' command.
Looking in indexes: https://pypi.flyai.com/simple
Collecting opencv-python==4.2.0.32
Downloading https://pypi.flyai.com/packages/68/c5/09a1b82f940805c2cee30c3c42786651edcfd0710a0283eb09c6bc959340/opencv_python-4.2.0.32-cp36-cp36m-manylinux1_x86_64.whl (28.2 MB)
Requirement already satisfied: numpy>=1.11.3 in /usr/local/lib/python3.6/dist-packages (from opencv-python==4.2.0.32) (1.18.3)
Installing collected packages: opencv-python
Successfully installed opencv-python-4.2.0.32
You should consider upgrading via the '/usr/bin/python3 -m pip install --upgrade pip' command.
Looking in indexes: https://pypi.flyai.com/simple
Requirement already satisfied: torch in /usr/local/lib/python3.6/dist-packages (1.6.0 cu101)
Requirement already satisfied: future in /usr/local/lib/python3.6/dist-packages (from torch) (0.18.2)
Requirement already satisfied: numpy in /usr/local/lib/python3.6/dist-packages (from torch) (1.18.3)
You should consider upgrading via the '/usr/bin/python3 -m pip install --upgrade pip' command.
Looking in indexes: https://pypi.flyai.com/simple
Requirement already satisfied: matplotlib in /usr/local/lib/python3.6/dist-packages (3.2.1)
Requirement already satisfied: numpy>=1.11 in /usr/local/lib/python3.6/dist-packages (from matplotlib) (1.18.3)
Requirement already satisfied: kiwisolver>=1.0.1 in /usr/local/lib/python3.6/dist-packages (from matplotlib) (1.2.0)
Requirement already satisfied: pyparsing!=2.0.4,!=2.1.2,!=2.1.6,>=2.0.1 in /usr/local/lib/python3.6/dist-packages (from matplotlib) (2.4.7)
Requirement already satisfied: cycler>=0.10 in /usr/local/lib/python3.6/dist-packages (from matplotlib) (0.10.0)
Requirement already satisfied: python-dateutil>=2.1 in /usr/local/lib/python3.6/dist-packages (from matplotlib) (2.8.1)
Requirement already satisfied: six in /usr/local/lib/python3.6/dist-packages (from cycler>=0.10->matplotlib) (1.14.0)
You should consider upgrading via the '/usr/bin/python3 -m pip install --upgrade pip' command.
Looking in indexes: https://pypi.flyai.com/simple
Collecting cnn_finetune
Downloading https://pypi.flyai.com/packages/e4/63/03a442d31401c43fc17a814f22bd7c39ab8f13f42a6b2467ca0d0d042b3a/cnn_finetune-0.6.0.tar.gz (11 kB)
Requirement already satisfied: torch in /usr/local/lib/python3.6/dist-packages (from cnn_finetune) (1.6.0 cu101)
Requirement already satisfied: torchvision>=0.3.0 in /usr/local/lib/python3.6/dist-packages (from cnn_finetune) (0.7.0 cu101)
Collecting pretrainedmodels>=0.7.4
Downloading https://pypi.flyai.com/packages/84/0e/be6a0e58447ac16c938799d49bfb5fb7a80ac35e137547fc6cee2c08c4cf/pretrainedmodels-0.7.4.tar.gz (58 kB)
Requirement already satisfied: scipy in /usr/local/lib/python3.6/dist-packages (from cnn_finetune) (1.4.1)
Requirement already satisfied: tqdm in /usr/local/lib/python3.6/dist-packages (from cnn_finetune) (4.45.0)
Requirement already satisfied: future in /usr/local/lib/python3.6/dist-packages (from torch->cnn_finetune) (0.18.2)
Requirement already satisfied: numpy in /usr/local/lib/python3.6/dist-packages (from torch->cnn_finetune) (1.18.3)
Requirement already satisfied: pillow>=4.1.1 in /usr/local/lib/python3.6/dist-packages (from torchvision>=0.3.0->cnn_finetune) (7.1.1)
Collecting munch
Downloading https://pypi.flyai.com/packages/cc/ab/85d8da5c9a45e072301beb37ad7f833cd344e04c817d97e0cc75681d248f/munch-2.5.0-py2.py3-none-any.whl (10 kB)
Requirement already satisfied: six in /usr/local/lib/python3.6/dist-packages (from munch->pretrainedmodels>=0.7.4->cnn_finetune) (1.14.0)
Building wheels for collected packages: cnn-finetune, pretrainedmodels
Building wheel for cnn-finetune (setup.py): started
Building wheel for cnn-finetune (setup.py): finished with status 'done'
Created wheel for cnn-finetune: filename=cnn_finetune-0.6.0-py3-none-any.whl size=11432 sha256=41094a78e0a1ae926342924fbe99f3b26f62b2f99b5e47f58da2515d89ba8f30
Stored in directory: /root/.cache/pip/wheels/9b/d9/82/f8b9045d146050042c2e6ab22c44a27eef49ffe2bbc3412256
Building wheel for pretrainedmodels (setup.py): started
Building wheel for pretrainedmodels (setup.py): finished with status 'done'
Created wheel for pretrainedmodels: filename=pretrainedmodels-0.7.4-py3-none-any.whl size=60962 sha256=e0c3ca29d8af45d70f9bcc731e7ee8fd747d8b6832dfe89ff6db0d9a307f2dfe
Stored in directory: /root/.cache/pip/wheels/e8/ba/a6/a8ad2367db2fbaabb853dc408d93c466f36305dfc8b8ea35e7
Successfully built cnn-finetune pretrainedmodels
Installing collected packages: munch, pretrainedmodels, cnn-finetune
Successfully installed cnn-finetune-0.6.0 munch-2.5.0 pretrainedmodels-0.7.4
You should consider upgrading via the '/usr/bin/python3 -m pip install --upgrade pip' command.
Looking in indexes: https://pypi.flyai.com/simple
Requirement already satisfied: torchvision in /usr/local/lib/python3.6/dist-packages (0.7.0 cu101)
Requirement already satisfied: numpy in /usr/local/lib/python3.6/dist-packages (from torchvision) (1.18.3)
Requirement already satisfied: torch==1.6.0 in /usr/local/lib/python3.6/dist-packages (from torchvision) (1.6.0 cu101)
Requirement already satisfied: pillow>=4.1.1 in /usr/local/lib/python3.6/dist-packages (from torchvision) (7.1.1)
Requirement already satisfied: future in /usr/local/lib/python3.6/dist-packages (from torch==1.6.0->torchvision) (0.18.2)
You should consider upgrading via the '/usr/bin/python3 -m pip install --upgrade pip' command.
Looking in indexes: https://pypi.flyai.com/simple
Requirement already satisfied: numpy in /usr/local/lib/python3.6/dist-packages (1.18.3)
You should consider upgrading via the '/usr/bin/python3 -m pip install --upgrade pip' command.
Looking in indexes: https://pypi.flyai.com/simple
Collecting efficientnet_pytorch
Downloading https://pypi.flyai.com/packages/4e/83/f9c5f44060f996279e474185ebcbd8dbd91179593bffb9abe3afa55d085b/efficientnet_pytorch-0.7.0.tar.gz (20 kB)
Requirement already satisfied: torch in /usr/local/lib/python3.6/dist-packages (from efficientnet_pytorch) (1.6.0 cu101)
Requirement already satisfied: future in /usr/local/lib/python3.6/dist-packages (from torch->efficientnet_pytorch) (0.18.2)
Requirement already satisfied: numpy in /usr/local/lib/python3.6/dist-packages (from torch->efficientnet_pytorch) (1.18.3)
Building wheels for collected packages: efficientnet-pytorch
Building wheel for efficientnet-pytorch (setup.py): started
Building wheel for efficientnet-pytorch (setup.py): finished with status 'done'
Created wheel for efficientnet-pytorch: filename=efficientnet_pytorch-0.7.0-py3-none-any.whl size=16035 sha256=15f324b9b295dc810616aca3a1e517516c9caf5fed6865a7fbb2a9a6f43e8e5a
Stored in directory: /root/.cache/pip/wheels/48/81/6f/09cdcb1de68fb0eb2d28da0c3e8161a06c756d74b4b95b7746
Successfully built efficientnet-pytorch
Installing collected packages: efficientnet-pytorch
Successfully installed efficientnet-pytorch-0.7.0
You should consider upgrading via the '/usr/bin/python3 -m pip install --upgrade pip' command.
('dataset/ButterflyClassification/train.zip', 'total size: ', 670, 'MB')
('本地训练提供', '20%', '的数据，线上训练会提供全量数据。')
('数据集详细信息请访问:', 'ButterflyClassification')
train_size: 20223, val_size: 5056
len(dataset): 20223
len(tmp_label): 200
['Euploea_core', 'Papilio_maackii', 'Kallima_inachus', 'Pieris_napi', 'Cyrestis_thyodamas', 'Papilio_xuthus', 'Symbrenthia_lilaea', 'Byasa_polyeuctes', 'Abisara_echerius', 'Stibochiona_nicea', 'Polygonia_caureum', 'Junonia_hierta', 'Parantica_sita', 'Papilio_Krishna', 'Hestina_assimilis', 'Junonia_almana', 'Tongeia_potanini', 'Byasa_dasarada', 'Clossiana_euphrosyne', 'Kaniska_canace', 'Libythea_myrrha', 'Danaus_genutia', 'Parantica_aglea', 'Erionota_torus', 'Polyura_eudamippus', 'Melanitis_phedima', 'Papilio_prexaspes', 'Papilio_machaon', 'Vanessa_cardui', 'Graphium_agamemnon', 'Gonepteryx_amintha', 'Papilio_hermosanus', 'Hebomoia_glaucippe', 'Aemona_amathusia', 'Neptis_hylas', 'Danaus_plexippus', 'Cethosia_cyane', 'Pieris_melete', 'Colias_palaeno', 'Badamia_exclamationis', 'Lethe_chandica', 'Ypthima_baldus', 'Artipe_eryx', 'Cethosia_biblis', 'Papilio_hoppo', 'Gonepteryx_rhamni', 'Lamproptera_curius', 'Colias_erate', 'Luehdorfia_chinensis', 'Zemeros_flegyas', 'Sephisa_chandra', 'Tirumala_septentrionis', 'Delias_pasithoe', 'Papilio_dialis', 'Parnassius_apollo', 'Penthema_darlisa', 'Mycalesis_perseus', 'Curetis_acuta', 'Delias_acalis', 'Byasa_alcinous', 'Damora_sagana', 'Acraea_issoria', 'Acraea_terpsicore', 'Junonia_iphita', 'Euploea_sylvester', 'Tirumala_limniace', 'Issoria_lathonia', 'Udaspes_folus', 'Clossiana_freija', 'Danaus_chrysippus', 'Parnassius_phoebus', 'Pazala_mullah', 'Catopsilia_pomona', 'Ampittia_virgata', 'Seseria_dohertyi', 'Neope_pulaha', 'Charaxes_bernardus', 'Odontoptilum_angulatum', 'Taraka_hamada', 'Ancistroides_nigrita', 'Loxura_atymnus', 'Troides_magellanus', 'Junonia_orithya', 'Teinopalpus_imperialis', 'Pazala_eurous', 'Horaga_albimacula', 'Pachliopta_aristolochiae', 'Ypthima_praenubila', 'Papilio_paris', 'Papilio_bianor', 'Arhopala_rama', 'Eurema_hecabe', 'Colias_fieldii', 'Papilio_alcmenor', 'Iraota_timoleon', 'Apatura_ilia', 'Delias_descombesi', 'Limenitis_sulpitia', 'Eurema_laeta', 'Polyura_athamas', 'Hypolimnas_bolina', 'Eurema_blanda', 'Ariadne_ariadne', 'Hasora_badra', 'Euploea_midamus', 'Ideopsis_similis', 'Stichophthalma_howqua', 'Iphiclides_podalirius', 'Leptidea_sinapis', 'Athyma_ranga', 'Proclossiana_eunomia', 'Papilio_polytes', 'Clossiana_dia', 'Melanitis_leda', 'Eurema_brigitta', 'Dodona_eugenes', 'Clossiana_titania', 'Daimio_tethys', 'Amblopala_avidiena', 'Athyma_perius', 'Apatura_iris', 'Vanessa_indica', 'Celaenorrhinus_maculosus', 'Tagiades_menaka', 'Teinopalpus_aureus', 'Arhopala_paramuta', 'Atrophaneura_varuna', 'Lethe_confusa', 'Calinaga_buddha', 'Colias_hyale', 'Lethe_syrcis', 'Pseudocoladenia_dan', 'Troides_helena', 'Notocrypta_curvifascia', 'Horaga_onyx', 'Iambrix_salsala', 'Pathysa_antiphates', 'Leptidea_amurensis', 'Rapala_nissa', 'Faunis_eumeus', 'Papilio_protenor', 'Idea_leuconoe', 'Bhutanitis_lidderdalii', 'Junonia_atlites', 'Meandrusa_payeni', 'Mycalesis_intermedia', 'Euploea_tulliolus', 'Penthema_formosanum', 'Polyura_narcaea', 'Pieris_rapae', 'Abraximorpha_davidii', 'Burara_gomata', 'Hasora_anura', 'Doleschallia_bisaltide', 'Catopsilia_scylla', 'SpinDasis_syama', 'Hasora_vitta', 'Isoteinon_lamprospilus', 'Papilio_nephelus', 'Libythea_lepita', 'Eurema_mandarina', 'Jamides_bochus', 'Papilio_arcturus', 'Euthalia_niepelti', 'Mycalesis_gotama', 'Ussuriana_michaelis', 'Pieris_canidia', 'Parnara_guttata', 'Sericinus_montelus', 'Cepora_nerissa', 'Graphium_cloanthus', 'Elymnias_hypermnestra', 'Papilio_memnon', 'Astictopterus_jama', 'Neptis_miah', 'Atrophaneura_horishanus', 'Mahathala_ameria', 'Rohana_parisatis', 'Lamproptera_meges', 'Catopsilia_pyranthe', 'Parantica_melaneus', 'Graphium_sarpedon', 'Troides_aeacus', 'Sasakia_charonda', 'Meandrusa_sciron', 'Zizeeria_maha', 'Miletus_chinensis', 'Eurema_andersoni', 'Lampides_boeticus', 'Leptidea_morsei', 'Ideopsis_vulgaris', 'Ariadne_merione', 'Gandaca_harina', 'Delias_belladonna', 'Chitoria_ulupi', 'Parnassius_nomion', 'Allotinus_drumila', 'Timelaea_albescens', 'Mandarinia_regalis', 'Losaria_coon']
num_count: [('Gonepteryx_rhamni', 702), ('Catopsilia_pomona', 342), ('Eurema_hecabe', 338), ('Neptis_hylas', 330), ('Hebomoia_glaucippe', 310), ('Apatura_ilia', 292), ('Apatura_iris', 256), ('Eurema_blanda', 250), ('Junonia_orithya', 229), ('Junonia_iphita', 228), ('Delias_pasithoe', 219), ('Junonia_atlites', 217), ('Junonia_almana', 209), ('Symbrenthia_lilaea', 201), ('Cethosia_biblis', 201), ('Danaus_chrysippus', 194), ('Clossiana_euphrosyne', 188), ('Kallima_inachus', 180), ('Parnara_guttata', 177), ('Vanessa_cardui', 175), ('Colias_palaeno', 175), ('Junonia_hierta', 173), ('Zemeros_flegyas', 172), ('Parnassius_phoebus', 168), ('Acraea_issoria', 167), ('Pazala_eurous', 167), ('Iphiclides_podalirius', 167), ('Parantica_aglea', 166), ('Ideopsis_similis', 166), ('Colias_erate', 164), ('Danaus_plexippus', 157), ('Papilio_maackii', 154), ('Cethosia_cyane', 148), ('Tirumala_septentrionis', 144), ('Pathysa_antiphates', 142), ('Atrophaneura_horishanus', 142), ('Pachliopta_aristolochiae', 138), ('Byasa_alcinous', 136), ('Troides_magellanus', 133), ('Byasa_polyeuctes', 130), ('Colias_hyale', 129), ('Hypolimnas_bolina', 127), ('Pieris_canidia', 126), ('Sericinus_montelus', 126), ('Hestina_assimilis', 125), ('Kaniska_canace', 125), ('Polyura_athamas', 125), ('Faunis_eumeus', 125), ('Libythea_lepita', 125), ('Abisara_echerius', 124), ('Pieris_melete', 121), ('Cyrestis_thyodamas', 119), ('Elymnias_hypermnestra', 119), ('Mycalesis_perseus', 118), ('Udaspes_folus', 117), ('Mycalesis_gotama', 117), ('Papilio_hermosanus', 116), ('Melanitis_leda', 113), ('Iambrix_salsala', 110), ('Papilio_hoppo', 109), ('Melanitis_phedima', 108), ('Loxura_atymnus', 108), ('Notocrypta_curvifascia', 106), ('Polygonia_caureum', 105), ('Curetis_acuta', 105), ('Hasora_badra', 105), ('Pieris_rapae', 104), ('Parantica_sita', 103), ('Lethe_confusa', 103), ('Parnassius_apollo', 102), ('Pseudocoladenia_dan', 102), ('Tirumala_limniace', 101), ('Danaus_genutia', 98), ('Athyma_perius', 98), ('Odontoptilum_angulatum', 97), ('Stichophthalma_howqua', 97), ('Lethe_chandica', 96), ('Pieris_napi', 95), ('Cepora_nerissa', 94), ('Vanessa_indica', 93), ('Acraea_terpsicore', 92), ('Iraota_timoleon', 92), ('Leptidea_sinapis', 92), ('Eurema_laeta', 91), ('Clossiana_dia', 91), ('Daimio_tethys', 91), ('Troides_helena', 91), ('Badamia_exclamationis', 89), ('Papilio_machaon', 88), ('Ypthima_baldus', 87), ('Parantica_melaneus', 87), ('Papilio_prexaspes', 86), ('Taraka_hamada', 86), ('Rohana_parisatis', 86), ('Papilio_bianor', 85), ('Atrophaneura_varuna', 85), ('Troides_aeacus', 84), ('Lampides_boeticus', 84), ('Gonepteryx_amintha', 83), ('Papilio_dialis', 83), ('Horaga_onyx', 83), ('Burara_gomata', 79), ('Papilio_memnon', 79), ('Erionota_torus', 78), ('Athyma_ranga', 78), ('Euploea_tulliolus', 76), ('Isoteinon_lamprospilus', 76), ('Eurema_mandarina', 76), ('Euploea_core', 75), ('Artipe_eryx', 75), ('Dodona_eugenes', 75), ('Papilio_arcturus', 75), ('Stibochiona_nicea', 74), ('Luehdorfia_chinensis', 74), ('Eurema_andersoni', 74), ('Neope_pulaha', 72), ('Euploea_midamus', 72), ('Sasakia_charonda', 72), ('Charaxes_bernardus', 71), ('Ariadne_ariadne', 71), ('Clossiana_titania', 71), ('Papilio_xuthus', 68), ('Issoria_lathonia', 68), ('Colias_fieldii', 68), ('Mycalesis_intermedia', 68), ('Polyura_narcaea', 68), ('Astictopterus_jama', 68), ('Pazala_mullah', 67), ('Limenitis_sulpitia', 67), ('Amblopala_avidiena', 67), ('Timelaea_albescens', 67), ('Ampittia_virgata', 65), ('Polyura_eudamippus', 64), ('Abraximorpha_davidii', 64), ('Neptis_miah', 64), ('Calinaga_buddha', 63), ('Zizeeria_maha', 63), ('Miletus_chinensis', 63), ('Parnassius_nomion', 63), ('Graphium_sarpedon', 62), ('Libythea_myrrha', 61), ('Papilio_alcmenor', 61), ('Papilio_polytes', 61), ('Hasora_anura', 61), ('Papilio_paris', 60), ('Delias_descombesi', 60), ('Gandaca_harina', 58), ('Lamproptera_curius', 57), ('Clossiana_freija', 57), ('Catopsilia_scylla', 57), ('SpinDasis_syama', 57), ('Ariadne_merione', 57), ('Byasa_dasarada', 56), ('Delias_acalis', 56), ('Ancistroides_nigrita', 56), ('Proclossiana_eunomia', 56), ('Lamproptera_meges', 56), ('Teinopalpus_imperialis', 55), ('Lethe_syrcis', 55), ('Rapala_nissa', 55), ('Losaria_coon', 55), ('Tagiades_menaka', 54), ('Graphium_agamemnon', 52), ('Papilio_protenor', 52), ('Hasora_vitta', 51), ('Delias_belladonna', 51), ('Euploea_sylvester', 50), ('Teinopalpus_aureus', 50), ('Catopsilia_pyranthe', 50), ('Aemona_amathusia', 49), ('Celaenorrhinus_maculosus', 49), ('Doleschallia_bisaltide', 49), ('Bhutanitis_lidderdalii', 48), ('Meandrusa_payeni', 48), ('Penthema_darlisa', 47), ('Damora_sagana', 47), ('Ideopsis_vulgaris', 47), ('Eurema_brigitta', 46), ('Tongeia_potanini', 45), ('Horaga_albimacula', 45), ('Papilio_nephelus', 44), ('Graphium_cloanthus', 43), ('Jamides_bochus', 42), ('Meandrusa_sciron', 42), ('Mandarinia_regalis', 42), ('Leptidea_amurensis', 41), ('Idea_leuconoe', 41), ('Penthema_formosanum', 41), ('Ussuriana_michaelis', 40), ('Mahathala_ameria', 39), ('Sephisa_chandra', 38), ('Leptidea_morsei', 35), ('Papilio_Krishna', 34), ('Arhopala_rama', 34), ('Allotinus_drumila', 33), ('Ypthima_praenubila', 31), ('Chitoria_ulupi', 31), ('Arhopala_paramuta', 28), ('Euthalia_niepelti', 28), ('Seseria_dohertyi', 20)]
len(dataset): 5056
len(tmp_label): 200
['Euploea_core', 'Papilio_maackii', 'Kallima_inachus', 'Pieris_napi', 'Cyrestis_thyodamas', 'Papilio_xuthus', 'Symbrenthia_lilaea', 'Byasa_polyeuctes', 'Abisara_echerius', 'Stibochiona_nicea', 'Polygonia_caureum', 'Junonia_hierta', 'Parantica_sita', 'Papilio_Krishna', 'Hestina_assimilis', 'Junonia_almana', 'Tongeia_potanini', 'Byasa_dasarada', 'Clossiana_euphrosyne', 'Kaniska_canace', 'Libythea_myrrha', 'Danaus_genutia', 'Parantica_aglea', 'Erionota_torus', 'Polyura_eudamippus', 'Melanitis_phedima', 'Papilio_prexaspes', 'Papilio_machaon', 'Vanessa_cardui', 'Graphium_agamemnon', 'Gonepteryx_amintha', 'Papilio_hermosanus', 'Hebomoia_glaucippe', 'Aemona_amathusia', 'Neptis_hylas', 'Danaus_plexippus', 'Cethosia_cyane', 'Pieris_melete', 'Colias_palaeno', 'Badamia_exclamationis', 'Lethe_chandica', 'Ypthima_baldus', 'Artipe_eryx', 'Cethosia_biblis', 'Papilio_hoppo', 'Gonepteryx_rhamni', 'Lamproptera_curius', 'Colias_erate', 'Luehdorfia_chinensis', 'Zemeros_flegyas', 'Sephisa_chandra', 'Tirumala_septentrionis', 'Delias_pasithoe', 'Papilio_dialis', 'Parnassius_apollo', 'Penthema_darlisa', 'Mycalesis_perseus', 'Curetis_acuta', 'Delias_acalis', 'Byasa_alcinous', 'Damora_sagana', 'Acraea_issoria', 'Acraea_terpsicore', 'Junonia_iphita', 'Euploea_sylvester', 'Tirumala_limniace', 'Issoria_lathonia', 'Udaspes_folus', 'Clossiana_freija', 'Danaus_chrysippus', 'Parnassius_phoebus', 'Pazala_mullah', 'Catopsilia_pomona', 'Ampittia_virgata', 'Seseria_dohertyi', 'Neope_pulaha', 'Charaxes_bernardus', 'Odontoptilum_angulatum', 'Taraka_hamada', 'Ancistroides_nigrita', 'Loxura_atymnus', 'Troides_magellanus', 'Junonia_orithya', 'Teinopalpus_imperialis', 'Pazala_eurous', 'Horaga_albimacula', 'Pachliopta_aristolochiae', 'Ypthima_praenubila', 'Papilio_paris', 'Papilio_bianor', 'Arhopala_rama', 'Eurema_hecabe', 'Colias_fieldii', 'Papilio_alcmenor', 'Iraota_timoleon', 'Apatura_ilia', 'Delias_descombesi', 'Limenitis_sulpitia', 'Eurema_laeta', 'Polyura_athamas', 'Hypolimnas_bolina', 'Eurema_blanda', 'Ariadne_ariadne', 'Hasora_badra', 'Euploea_midamus', 'Ideopsis_similis', 'Stichophthalma_howqua', 'Iphiclides_podalirius', 'Leptidea_sinapis', 'Athyma_ranga', 'Proclossiana_eunomia', 'Papilio_polytes', 'Clossiana_dia', 'Melanitis_leda', 'Eurema_brigitta', 'Dodona_eugenes', 'Clossiana_titania', 'Daimio_tethys', 'Amblopala_avidiena', 'Athyma_perius', 'Apatura_iris', 'Vanessa_indica', 'Celaenorrhinus_maculosus', 'Tagiades_menaka', 'Teinopalpus_aureus', 'Arhopala_paramuta', 'Atrophaneura_varuna', 'Lethe_confusa', 'Calinaga_buddha', 'Colias_hyale', 'Lethe_syrcis', 'Pseudocoladenia_dan', 'Troides_helena', 'Notocrypta_curvifascia', 'Horaga_onyx', 'Iambrix_salsala', 'Pathysa_antiphates', 'Leptidea_amurensis', 'Rapala_nissa', 'Faunis_eumeus', 'Papilio_protenor', 'Idea_leuconoe', 'Bhutanitis_lidderdalii', 'Junonia_atlites', 'Meandrusa_payeni', 'Mycalesis_intermedia', 'Euploea_tulliolus', 'Penthema_formosanum', 'Polyura_narcaea', 'Pieris_rapae', 'Abraximorpha_davidii', 'Burara_gomata', 'Hasora_anura', 'Doleschallia_bisaltide', 'Catopsilia_scylla', 'SpinDasis_syama', 'Hasora_vitta', 'Isoteinon_lamprospilus', 'Papilio_nephelus', 'Libythea_lepita', 'Eurema_mandarina', 'Jamides_bochus', 'Papilio_arcturus', 'Euthalia_niepelti', 'Mycalesis_gotama', 'Ussuriana_michaelis', 'Pieris_canidia', 'Parnara_guttata', 'Sericinus_montelus', 'Cepora_nerissa', 'Graphium_cloanthus', 'Elymnias_hypermnestra', 'Papilio_memnon', 'Astictopterus_jama', 'Neptis_miah', 'Atrophaneura_horishanus', 'Mahathala_ameria', 'Rohana_parisatis', 'Lamproptera_meges', 'Catopsilia_pyranthe', 'Parantica_melaneus', 'Graphium_sarpedon', 'Troides_aeacus', 'Sasakia_charonda', 'Meandrusa_sciron', 'Zizeeria_maha', 'Miletus_chinensis', 'Eurema_andersoni', 'Lampides_boeticus', 'Leptidea_morsei', 'Ideopsis_vulgaris', 'Ariadne_merione', 'Gandaca_harina', 'Delias_belladonna', 'Chitoria_ulupi', 'Parnassius_nomion', 'Allotinus_drumila', 'Timelaea_albescens', 'Mandarinia_regalis', 'Losaria_coon']
num_count: [('Gonepteryx_rhamni', 702), ('Catopsilia_pomona', 342), ('Eurema_hecabe', 338), ('Neptis_hylas', 330), ('Hebomoia_glaucippe', 310), ('Apatura_ilia', 292), ('Apatura_iris', 256), ('Eurema_blanda', 250), ('Junonia_orithya', 229), ('Junonia_iphita', 228), ('Delias_pasithoe', 219), ('Junonia_atlites', 217), ('Junonia_almana', 209), ('Symbrenthia_lilaea', 201), ('Cethosia_biblis', 201), ('Danaus_chrysippus', 194), ('Clossiana_euphrosyne', 188), ('Kallima_inachus', 180), ('Parnara_guttata', 177), ('Vanessa_cardui', 175), ('Colias_palaeno', 175), ('Junonia_hierta', 173), ('Zemeros_flegyas', 172), ('Parnassius_phoebus', 168), ('Acraea_issoria', 167), ('Pazala_eurous', 167), ('Iphiclides_podalirius', 167), ('Parantica_aglea', 166), ('Ideopsis_similis', 166), ('Colias_erate', 164), ('Danaus_plexippus', 157), ('Papilio_maackii', 154), ('Cethosia_cyane', 148), ('Tirumala_septentrionis', 144), ('Pathysa_antiphates', 142), ('Atrophaneura_horishanus', 142), ('Pachliopta_aristolochiae', 138), ('Byasa_alcinous', 136), ('Troides_magellanus', 133), ('Byasa_polyeuctes', 130), ('Colias_hyale', 129), ('Hypolimnas_bolina', 127), ('Pieris_canidia', 126), ('Sericinus_montelus', 126), ('Hestina_assimilis', 125), ('Kaniska_canace', 125), ('Polyura_athamas', 125), ('Faunis_eumeus', 125), ('Libythea_lepita', 125), ('Abisara_echerius', 124), ('Pieris_melete', 121), ('Cyrestis_thyodamas', 119), ('Elymnias_hypermnestra', 119), ('Mycalesis_perseus', 118), ('Udaspes_folus', 117), ('Mycalesis_gotama', 117), ('Papilio_hermosanus', 116), ('Melanitis_leda', 113), ('Iambrix_salsala', 110), ('Papilio_hoppo', 109), ('Melanitis_phedima', 108), ('Loxura_atymnus', 108), ('Notocrypta_curvifascia', 106), ('Polygonia_caureum', 105), ('Curetis_acuta', 105), ('Hasora_badra', 105), ('Pieris_rapae', 104), ('Parantica_sita', 103), ('Lethe_confusa', 103), ('Parnassius_apollo', 102), ('Pseudocoladenia_dan', 102), ('Tirumala_limniace', 101), ('Danaus_genutia', 98), ('Athyma_perius', 98), ('Odontoptilum_angulatum', 97), ('Stichophthalma_howqua', 97), ('Lethe_chandica', 96), ('Pieris_napi', 95), ('Cepora_nerissa', 94), ('Vanessa_indica', 93), ('Acraea_terpsicore', 92), ('Iraota_timoleon', 92), ('Leptidea_sinapis', 92), ('Eurema_laeta', 91), ('Clossiana_dia', 91), ('Daimio_tethys', 91), ('Troides_helena', 91), ('Badamia_exclamationis', 89), ('Papilio_machaon', 88), ('Ypthima_baldus', 87), ('Parantica_melaneus', 87), ('Papilio_prexaspes', 86), ('Taraka_hamada', 86), ('Rohana_parisatis', 86), ('Papilio_bianor', 85), ('Atrophaneura_varuna', 85), ('Troides_aeacus', 84), ('Lampides_boeticus', 84), ('Gonepteryx_amintha', 83), ('Papilio_dialis', 83), ('Horaga_onyx', 83), ('Burara_gomata', 79), ('Papilio_memnon', 79), ('Erionota_torus', 78), ('Athyma_ranga', 78), ('Euploea_tulliolus', 76), ('Isoteinon_lamprospilus', 76), ('Eurema_mandarina', 76), ('Euploea_core', 75), ('Artipe_eryx', 75), ('Dodona_eugenes', 75), ('Papilio_arcturus', 75), ('Stibochiona_nicea', 74), ('Luehdorfia_chinensis', 74), ('Eurema_andersoni', 74), ('Neope_pulaha', 72), ('Euploea_midamus', 72), ('Sasakia_charonda', 72), ('Charaxes_bernardus', 71), ('Ariadne_ariadne', 71), ('Clossiana_titania', 71), ('Papilio_xuthus', 68), ('Issoria_lathonia', 68), ('Colias_fieldii', 68), ('Mycalesis_intermedia', 68), ('Polyura_narcaea', 68), ('Astictopterus_jama', 68), ('Pazala_mullah', 67), ('Limenitis_sulpitia', 67), ('Amblopala_avidiena', 67), ('Timelaea_albescens', 67), ('Ampittia_virgata', 65), ('Polyura_eudamippus', 64), ('Abraximorpha_davidii', 64), ('Neptis_miah', 64), ('Calinaga_buddha', 63), ('Zizeeria_maha', 63), ('Miletus_chinensis', 63), ('Parnassius_nomion', 63), ('Graphium_sarpedon', 62), ('Libythea_myrrha', 61), ('Papilio_alcmenor', 61), ('Papilio_polytes', 61), ('Hasora_anura', 61), ('Papilio_paris', 60), ('Delias_descombesi', 60), ('Gandaca_harina', 58), ('Lamproptera_curius', 57), ('Clossiana_freija', 57), ('Catopsilia_scylla', 57), ('SpinDasis_syama', 57), ('Ariadne_merione', 57), ('Byasa_dasarada', 56), ('Delias_acalis', 56), ('Ancistroides_nigrita', 56), ('Proclossiana_eunomia', 56), ('Lamproptera_meges', 56), ('Teinopalpus_imperialis', 55), ('Lethe_syrcis', 55), ('Rapala_nissa', 55), ('Losaria_coon', 55), ('Tagiades_menaka', 54), ('Graphium_agamemnon', 52), ('Papilio_protenor', 52), ('Hasora_vitta', 51), ('Delias_belladonna', 51), ('Euploea_sylvester', 50), ('Teinopalpus_aureus', 50), ('Catopsilia_pyranthe', 50), ('Aemona_amathusia', 49), ('Celaenorrhinus_maculosus', 49), ('Doleschallia_bisaltide', 49), ('Bhutanitis_lidderdalii', 48), ('Meandrusa_payeni', 48), ('Penthema_darlisa', 47), ('Damora_sagana', 47), ('Ideopsis_vulgaris', 47), ('Eurema_brigitta', 46), ('Tongeia_potanini', 45), ('Horaga_albimacula', 45), ('Papilio_nephelus', 44), ('Graphium_cloanthus', 43), ('Jamides_bochus', 42), ('Meandrusa_sciron', 42), ('Mandarinia_regalis', 42), ('Leptidea_amurensis', 41), ('Idea_leuconoe', 41), ('Penthema_formosanum', 41), ('Ussuriana_michaelis', 40), ('Mahathala_ameria', 39), ('Sephisa_chandra', 38), ('Leptidea_morsei', 35), ('Papilio_Krishna', 34), ('Arhopala_rama', 34), ('Allotinus_drumila', 33), ('Ypthima_praenubila', 31), ('Chitoria_ulupi', 31), ('Arhopala_paramuta', 28), ('Euthalia_niepelti', 28), ('Seseria_dohertyi', 20)]
('se_resnext50_32x4d-a260b3a4.pth', 'total size: ', 105, 'MB')
Model download succeeded !
Loading model1...
optim.Adam(model.parameters(), lr=0.002, weight_decay=1e-4)
optim.lr_scheduler.MultiStepLR(optimizer, milestones=[4, 8, 10]
Epoch: 0, Step 0 | 315, Train_Loss 5.5261
Epoch: 0, Step 10 | 315, Train_Loss 48.3793
Epoch: 0, Step 20 | 315, Train_Loss 43.7772
Epoch: 0, Step 30 | 315, Train_Loss 38.8968
Epoch: 0, Step 40 | 315, Train_Loss 35.9875
Epoch: 0, Step 50 | 315, Train_Loss 34.3568
Epoch: 0, Step 60 | 315, Train_Loss 32.6460
Epoch: 0, Step 70 | 315, Train_Loss 32.0802
Epoch: 0, Step 80 | 315, Train_Loss 30.9546
Epoch: 0, Step 90 | 315, Train_Loss 29.2977
Epoch: 0, Step 100 | 315, Train_Loss 29.2170
Epoch: 0, Step 110 | 315, Train_Loss 28.2177
Epoch: 0, Step 120 | 315, Train_Loss 28.1792
Epoch: 0, Step 130 | 315, Train_Loss 27.1172
Epoch: 0, Step 140 | 315, Train_Loss 25.7321
Epoch: 0, Step 150 | 315, Train_Loss 25.6603
Epoch: 0, Step 160 | 315, Train_Loss 24.8813
Epoch: 0, Step 170 | 315, Train_Loss 25.5014
Epoch: 0, Step 180 | 315, Train_Loss 25.4566
Epoch: 0, Step 190 | 315, Train_Loss 25.5077
Epoch: 0, Step 200 | 315, Train_Loss 24.6460
Epoch: 0, Step 210 | 315, Train_Loss 24.4129
Epoch: 0, Step 220 | 315, Train_Loss 22.5676
Epoch: 0, Step 230 | 315, Train_Loss 24.2440
Epoch: 0, Step 240 | 315, Train_Loss 22.7591
Epoch: 0, Step 250 | 315, Train_Loss 22.4068
Epoch: 0, Step 260 | 315, Train_Loss 22.5366
Epoch: 0, Step 270 | 315, Train_Loss 21.8374
Epoch: 0, Step 280 | 315, Train_Loss 22.1817
Epoch: 0, Step 290 | 315, Train_Loss 21.6754
Epoch: 0, Step 300 | 315, Train_Loss 22.3854
Epoch: 0, Step 310 | 315, Train_Loss 22.4975
Current Time: Thu Nov  5 06:19:08 2020
Epoch 0,  Accuracy 55.6962%
Epoch: 1, Step 0 | 315, Train_Loss 1.7560
Epoch: 1, Step 10 | 315, Train_Loss 21.0974
Epoch: 1, Step 20 | 315, Train_Loss 19.9952
Epoch: 1, Step 30 | 315, Train_Loss 20.5522
Epoch: 1, Step 40 | 315, Train_Loss 19.7949
Epoch: 1, Step 50 | 315, Train_Loss 20.4453
Epoch: 1, Step 60 | 315, Train_Loss 19.3289
Epoch: 1, Step 70 | 315, Train_Loss 18.9562
Epoch: 1, Step 80 | 315, Train_Loss 19.1386
Epoch: 1, Step 90 | 315, Train_Loss 19.4993
Epoch: 1, Step 100 | 315, Train_Loss 19.5471
Epoch: 1, Step 110 | 315, Train_Loss 18.2872
Epoch: 1, Step 120 | 315, Train_Loss 19.7104
Epoch: 1, Step 130 | 315, Train_Loss 19.4628
Epoch: 1, Step 140 | 315, Train_Loss 19.5929
Epoch: 1, Step 150 | 315, Train_Loss 19.3120
Epoch: 1, Step 160 | 315, Train_Loss 18.8969
Epoch: 1, Step 170 | 315, Train_Loss 19.0956
Epoch: 1, Step 180 | 315, Train_Loss 18.5434
Epoch: 1, Step 190 | 315, Train_Loss 18.7366
Epoch: 1, Step 200 | 315, Train_Loss 18.5134
Epoch: 1, Step 210 | 315, Train_Loss 18.8729
Epoch: 1, Step 220 | 315, Train_Loss 19.1576
Epoch: 1, Step 230 | 315, Train_Loss 18.9309
Epoch: 1, Step 240 | 315, Train_Loss 19.5003
Epoch: 1, Step 250 | 315, Train_Loss 19.3289
Epoch: 1, Step 260 | 315, Train_Loss 18.8939
Epoch: 1, Step 270 | 315, Train_Loss 19.2214
Epoch: 1, Step 280 | 315, Train_Loss 18.8142
Epoch: 1, Step 290 | 315, Train_Loss 18.3781
Epoch: 1, Step 300 | 315, Train_Loss 19.1234
Epoch: 1, Step 310 | 315, Train_Loss 19.0297
Current Time: Thu Nov  5 06:44:00 2020
Epoch 1,  Accuracy 68.3742%
Epoch: 2, Step 0 | 315, Train_Loss 1.7130
Epoch: 2, Step 10 | 315, Train_Loss 17.0049
Epoch: 2, Step 20 | 315, Train_Loss 16.6919
Epoch: 2, Step 30 | 315, Train_Loss 16.7039
Epoch: 2, Step 40 | 315, Train_Loss 15.9598
Epoch: 2, Step 50 | 315, Train_Loss 15.9283
Epoch: 2, Step 60 | 315, Train_Loss 16.6475
Epoch: 2, Step 70 | 315, Train_Loss 16.5148
Epoch: 2, Step 80 | 315, Train_Loss 17.0213
Epoch: 2, Step 90 | 315, Train_Loss 16.8818
Epoch: 2, Step 100 | 315, Train_Loss 17.3331
Epoch: 2, Step 110 | 315, Train_Loss 17.1567
Epoch: 2, Step 120 | 315, Train_Loss 16.6237
Epoch: 2, Step 130 | 315, Train_Loss 16.8599
Epoch: 2, Step 140 | 315, Train_Loss 16.2363
Epoch: 2, Step 150 | 315, Train_Loss 16.8540
Epoch: 2, Step 160 | 315, Train_Loss 17.0200
Epoch: 2, Step 170 | 315, Train_Loss 17.0819
Epoch: 2, Step 180 | 315, Train_Loss 17.6805
Epoch: 2, Step 190 | 315, Train_Loss 16.7031
Epoch: 2, Step 200 | 315, Train_Loss 17.2625
Epoch: 2, Step 210 | 315, Train_Loss 17.3560
Epoch: 2, Step 220 | 315, Train_Loss 16.1678
Epoch: 2, Step 230 | 315, Train_Loss 17.5857
Epoch: 2, Step 240 | 315, Train_Loss 17.1394
Epoch: 2, Step 250 | 315, Train_Loss 18.1644
Epoch: 2, Step 260 | 315, Train_Loss 17.0245
Epoch: 2, Step 270 | 315, Train_Loss 16.8981
Epoch: 2, Step 280 | 315, Train_Loss 16.4775
Epoch: 2, Step 290 | 315, Train_Loss 17.0519
Epoch: 2, Step 300 | 315, Train_Loss 16.7014
Epoch: 2, Step 310 | 315, Train_Loss 16.7898
Current Time: Thu Nov  5 07:08:51 2020
Epoch 2,  Accuracy 76.6218%
Epoch: 3, Step 0 | 315, Train_Loss 1.5623
Epoch: 3, Step 10 | 315, Train_Loss 15.4692
Epoch: 3, Step 20 | 315, Train_Loss 14.9281
Epoch: 3, Step 30 | 315, Train_Loss 15.0345
Epoch: 3, Step 40 | 315, Train_Loss 15.6984
Epoch: 3, Step 50 | 315, Train_Loss 15.1659
Epoch: 3, Step 60 | 315, Train_Loss 15.3440
Epoch: 3, Step 70 | 315, Train_Loss 15.5023
Epoch: 3, Step 80 | 315, Train_Loss 15.0508
Epoch: 3, Step 90 | 315, Train_Loss 15.5497
Epoch: 3, Step 100 | 315, Train_Loss 15.5223
Epoch: 3, Step 110 | 315, Train_Loss 14.9695
Epoch: 3, Step 120 | 315, Train_Loss 15.1734
Epoch: 3, Step 130 | 315, Train_Loss 15.3076
Epoch: 3, Step 140 | 315, Train_Loss 15.3334
Epoch: 3, Step 150 | 315, Train_Loss 16.0534
Epoch: 3, Step 160 | 315, Train_Loss 14.8036
Epoch: 3, Step 170 | 315, Train_Loss 15.4924
Epoch: 3, Step 180 | 315, Train_Loss 15.4571
Epoch: 3, Step 190 | 315, Train_Loss 15.8787
Epoch: 3, Step 200 | 315, Train_Loss 16.1610
Epoch: 3, Step 210 | 315, Train_Loss 15.9312
Epoch: 3, Step 220 | 315, Train_Loss 15.7848
Epoch: 3, Step 230 | 315, Train_Loss 15.4937
Epoch: 3, Step 240 | 315, Train_Loss 16.0131
Epoch: 3, Step 250 | 315, Train_Loss 15.9969
Epoch: 3, Step 260 | 315, Train_Loss 16.5202
Epoch: 3, Step 270 | 315, Train_Loss 15.8689
Epoch: 3, Step 280 | 315, Train_Loss 15.5333
Epoch: 3, Step 290 | 315, Train_Loss 16.2915
Epoch: 3, Step 300 | 315, Train_Loss 15.6233
Epoch: 3, Step 310 | 315, Train_Loss 15.6107
Current Time: Thu Nov  5 07:33:14 2020
Epoch 3,  Accuracy 84.7706%
Epoch: 4, Step 0 | 315, Train_Loss 1.3657
Epoch: 4, Step 10 | 315, Train_Loss 14.1330
Epoch: 4, Step 20 | 315, Train_Loss 14.3392
Epoch: 4, Step 30 | 315, Train_Loss 14.3546
Epoch: 4, Step 40 | 315, Train_Loss 13.9538
Epoch: 4, Step 50 | 315, Train_Loss 14.3450
Epoch: 4, Step 60 | 315, Train_Loss 14.3177
Epoch: 4, Step 70 | 315, Train_Loss 13.6894
Epoch: 4, Step 80 | 315, Train_Loss 14.6059
Epoch: 4, Step 90 | 315, Train_Loss 14.3665
Epoch: 4, Step 100 | 315, Train_Loss 14.2538
Epoch: 4, Step 110 | 315, Train_Loss 14.4618
Epoch: 4, Step 120 | 315, Train_Loss 14.2327
Epoch: 4, Step 130 | 315, Train_Loss 14.5016
Epoch: 4, Step 140 | 315, Train_Loss 14.9400
Epoch: 4, Step 150 | 315, Train_Loss 15.1452
Epoch: 4, Step 160 | 315, Train_Loss 14.9351
Epoch: 4, Step 170 | 315, Train_Loss 14.7094
Epoch: 4, Step 180 | 315, Train_Loss 14.5671
Epoch: 4, Step 190 | 315, Train_Loss 14.5667
Epoch: 4, Step 200 | 315, Train_Loss 15.2474
Epoch: 4, Step 210 | 315, Train_Loss 14.6392
Epoch: 4, Step 220 | 315, Train_Loss 15.7739
Epoch: 4, Step 230 | 315, Train_Loss 15.3198
Epoch: 4, Step 240 | 315, Train_Loss 15.0295
Epoch: 4, Step 250 | 315, Train_Loss 15.2704
Epoch: 4, Step 260 | 315, Train_Loss 14.8864
Epoch: 4, Step 270 | 315, Train_Loss 14.9870
Epoch: 4, Step 280 | 315, Train_Loss 15.5952
Epoch: 4, Step 290 | 315, Train_Loss 15.2202
Epoch: 4, Step 300 | 315, Train_Loss 15.2466
Epoch: 4, Step 310 | 315, Train_Loss 15.6196
Current Time: Thu Nov  5 07:54:00 2020
Epoch 4,  Accuracy 84.2761%
Epoch: 5, Step 0 | 315, Train_Loss 1.4322
Epoch: 5, Step 10 | 315, Train_Loss 13.4959
Epoch: 5, Step 20 | 315, Train_Loss 13.3647
Epoch: 5, Step 30 | 315, Train_Loss 12.9345
Epoch: 5, Step 40 | 315, Train_Loss 12.6243
Epoch: 5, Step 50 | 315, Train_Loss 12.6124
Epoch: 5, Step 60 | 315, Train_Loss 12.4960
Epoch: 5, Step 70 | 315, Train_Loss 12.5208
Epoch: 5, Step 80 | 315, Train_Loss 12.5041
Epoch: 5, Step 90 | 315, Train_Loss 11.6915
Epoch: 5, Step 100 | 315, Train_Loss 12.2093
Epoch: 5, Step 110 | 315, Train_Loss 12.2798
Epoch: 5, Step 120 | 315, Train_Loss 12.3925
Epoch: 5, Step 130 | 315, Train_Loss 12.0811
Epoch: 5, Step 140 | 315, Train_Loss 11.4313
Epoch: 5, Step 150 | 315, Train_Loss 11.7820
Epoch: 5, Step 160 | 315, Train_Loss 11.7603
Epoch: 5, Step 170 | 315, Train_Loss 12.0028
Epoch: 5, Step 180 | 315, Train_Loss 11.9626
Epoch: 5, Step 190 | 315, Train_Loss 11.8337
Epoch: 5, Step 200 | 315, Train_Loss 11.4942
Epoch: 5, Step 210 | 315, Train_Loss 11.7100
Epoch: 5, Step 220 | 315, Train_Loss 11.5194
Epoch: 5, Step 230 | 315, Train_Loss 11.3476
Epoch: 5, Step 240 | 315, Train_Loss 11.6540
Epoch: 5, Step 250 | 315, Train_Loss 11.7098
Epoch: 5, Step 260 | 315, Train_Loss 11.5324
Epoch: 5, Step 270 | 315, Train_Loss 11.6420
Epoch: 5, Step 280 | 315, Train_Loss 11.5751
Epoch: 5, Step 290 | 315, Train_Loss 11.6193
Epoch: 5, Step 300 | 315, Train_Loss 11.6627
Epoch: 5, Step 310 | 315, Train_Loss 11.4486
Current Time: Thu Nov  5 08:17:07 2020
Epoch 5,  Accuracy 96.0443%
Epoch: 6, Step 0 | 315, Train_Loss 1.0814
Epoch: 6, Step 10 | 315, Train_Loss 11.1857
Epoch: 6, Step 20 | 315, Train_Loss 11.1199
Epoch: 6, Step 30 | 315, Train_Loss 10.9774
Epoch: 6, Step 40 | 315, Train_Loss 10.8708
Epoch: 6, Step 50 | 315, Train_Loss 10.9232
Epoch: 6, Step 60 | 315, Train_Loss 10.9139
Epoch: 6, Step 70 | 315, Train_Loss 10.7614
Epoch: 6, Step 80 | 315, Train_Loss 10.9996
Epoch: 6, Step 90 | 315, Train_Loss 10.6464
Epoch: 6, Step 100 | 315, Train_Loss 10.9708
Epoch: 6, Step 110 | 315, Train_Loss 10.8782
Epoch: 6, Step 120 | 315, Train_Loss 10.7427
Epoch: 6, Step 130 | 315, Train_Loss 11.1442
Epoch: 6, Step 140 | 315, Train_Loss 11.0674
Epoch: 6, Step 150 | 315, Train_Loss 10.9110
Epoch: 6, Step 160 | 315, Train_Loss 11.1221
Epoch: 6, Step 170 | 315, Train_Loss 11.1996
Epoch: 6, Step 180 | 315, Train_Loss 11.0244
Epoch: 6, Step 190 | 315, Train_Loss 11.0840
Epoch: 6, Step 200 | 315, Train_Loss 10.8767
Epoch: 6, Step 210 | 315, Train_Loss 11.1311
Epoch: 6, Step 220 | 315, Train_Loss 10.9536
Epoch: 6, Step 230 | 315, Train_Loss 11.4749
Epoch: 6, Step 240 | 315, Train_Loss 10.9855
Epoch: 6, Step 250 | 315, Train_Loss 11.0496
Epoch: 6, Step 260 | 315, Train_Loss 11.2696
Epoch: 6, Step 270 | 315, Train_Loss 10.8000
Epoch: 6, Step 280 | 315, Train_Loss 11.2329
Epoch: 6, Step 290 | 315, Train_Loss 10.8202
Epoch: 6, Step 300 | 315, Train_Loss 11.0191
Epoch: 6, Step 310 | 315, Train_Loss 10.9715
Current Time: Thu Nov  5 08:41:08 2020
Epoch 6,  Accuracy 96.8552%
Epoch: 7, Step 0 | 315, Train_Loss 1.1073
Epoch: 7, Step 10 | 315, Train_Loss 10.5973
Epoch: 7, Step 20 | 315, Train_Loss 10.5095
Epoch: 7, Step 30 | 315, Train_Loss 10.4807
Epoch: 7, Step 40 | 315, Train_Loss 10.3704
Epoch: 7, Step 50 | 315, Train_Loss 10.6282
Epoch: 7, Step 60 | 315, Train_Loss 10.5533
Epoch: 7, Step 70 | 315, Train_Loss 10.4657
Epoch: 7, Step 80 | 315, Train_Loss 10.4554
Epoch: 7, Step 90 | 315, Train_Loss 10.4621
Epoch: 7, Step 100 | 315, Train_Loss 10.6924
Epoch: 7, Step 110 | 315, Train_Loss 10.6105
Epoch: 7, Step 120 | 315, Train_Loss 10.4556
Epoch: 7, Step 130 | 315, Train_Loss 10.6536
Epoch: 7, Step 140 | 315, Train_Loss 10.5300
Epoch: 7, Step 150 | 315, Train_Loss 10.4332
Epoch: 7, Step 160 | 315, Train_Loss 10.6966
Epoch: 7, Step 170 | 315, Train_Loss 10.8797
Epoch: 7, Step 180 | 315, Train_Loss 10.4737
Epoch: 7, Step 190 | 315, Train_Loss 10.6396
Epoch: 7, Step 200 | 315, Train_Loss 10.5464
Epoch: 7, Step 210 | 315, Train_Loss 10.5044
Epoch: 7, Step 220 | 315, Train_Loss 10.6731
Epoch: 7, Step 230 | 315, Train_Loss 10.5158
Epoch: 7, Step 240 | 315, Train_Loss 10.5352
Epoch: 7, Step 250 | 315, Train_Loss 10.4944
Epoch: 7, Step 260 | 315, Train_Loss 10.9374
Epoch: 7, Step 270 | 315, Train_Loss 10.8751
Epoch: 7, Step 280 | 315, Train_Loss 10.6185
Epoch: 7, Step 290 | 315, Train_Loss 10.7287
Epoch: 7, Step 300 | 315, Train_Loss 10.7725
Epoch: 7, Step 310 | 315, Train_Loss 10.6622
Current Time: Thu Nov  5 09:05:01 2020
Epoch 7,  Accuracy 97.7650%
Epoch: 8, Step 0 | 315, Train_Loss 1.0359
Epoch: 8, Step 10 | 315, Train_Loss 10.2897
Epoch: 8, Step 20 | 315, Train_Loss 10.0548
Epoch: 8, Step 30 | 315, Train_Loss 10.1910
Epoch: 8, Step 40 | 315, Train_Loss 10.0390
Epoch: 8, Step 50 | 315, Train_Loss 9.9877
Epoch: 8, Step 60 | 315, Train_Loss 10.1738
Epoch: 8, Step 70 | 315, Train_Loss 10.2116
Epoch: 8, Step 80 | 315, Train_Loss 10.1937
Epoch: 8, Step 90 | 315, Train_Loss 10.2227
Epoch: 8, Step 100 | 315, Train_Loss 10.0541
Epoch: 8, Step 110 | 315, Train_Loss 10.0319
Epoch: 8, Step 120 | 315, Train_Loss 10.3530
Epoch: 8, Step 130 | 315, Train_Loss 10.2041
Epoch: 8, Step 140 | 315, Train_Loss 10.0781
Epoch: 8, Step 150 | 315, Train_Loss 10.1310
Epoch: 8, Step 160 | 315, Train_Loss 10.0569
Epoch: 8, Step 170 | 315, Train_Loss 10.0504
Epoch: 8, Step 180 | 315, Train_Loss 10.2682
Epoch: 8, Step 190 | 315, Train_Loss 9.9860
Epoch: 8, Step 200 | 315, Train_Loss 9.9565
Epoch: 8, Step 210 | 315, Train_Loss 9.9033
Epoch: 8, Step 220 | 315, Train_Loss 10.1138
Epoch: 8, Step 230 | 315, Train_Loss 10.0319
Epoch: 8, Step 240 | 315, Train_Loss 9.9968
Epoch: 8, Step 250 | 315, Train_Loss 10.0318
Epoch: 8, Step 260 | 315, Train_Loss 10.1175
Epoch: 8, Step 270 | 315, Train_Loss 10.0384
Epoch: 8, Step 280 | 315, Train_Loss 9.9716
Epoch: 8, Step 290 | 315, Train_Loss 9.9060
Epoch: 8, Step 300 | 315, Train_Loss 9.9877
Epoch: 8, Step 310 | 315, Train_Loss 10.0338
Current Time: Thu Nov  5 09:28:49 2020
Epoch 8,  Accuracy 98.6155%
Epoch: 9, Step 0 | 315, Train_Loss 1.0056
Epoch: 9, Step 10 | 315, Train_Loss 9.9765
Epoch: 9, Step 20 | 315, Train_Loss 9.8209
Epoch: 9, Step 30 | 315, Train_Loss 9.9763
Epoch: 9, Step 40 | 315, Train_Loss 9.9068
Epoch: 9, Step 50 | 315, Train_Loss 10.1184
Epoch: 9, Step 60 | 315, Train_Loss 9.9884
Epoch: 9, Step 70 | 315, Train_Loss 9.8265
Epoch: 9, Step 80 | 315, Train_Loss 9.8608
Epoch: 9, Step 90 | 315, Train_Loss 9.8662
Epoch: 9, Step 100 | 315, Train_Loss 9.8339
Epoch: 9, Step 110 | 315, Train_Loss 9.9115
Epoch: 9, Step 120 | 315, Train_Loss 9.8748
Epoch: 9, Step 130 | 315, Train_Loss 10.2447
Epoch: 9, Step 140 | 315, Train_Loss 9.9231
Epoch: 9, Step 150 | 315, Train_Loss 9.9342
Epoch: 9, Step 160 | 315, Train_Loss 10.0016
Epoch: 9, Step 170 | 315, Train_Loss 9.9587
Epoch: 9, Step 180 | 315, Train_Loss 9.7964
Epoch: 9, Step 190 | 315, Train_Loss 9.8881
Epoch: 9, Step 200 | 315, Train_Loss 9.9879
Epoch: 9, Step 210 | 315, Train_Loss 9.9229
Epoch: 9, Step 220 | 315, Train_Loss 10.0088
Epoch: 9, Step 230 | 315, Train_Loss 9.7433
Epoch: 9, Step 240 | 315, Train_Loss 9.9300
Epoch: 9, Step 250 | 315, Train_Loss 9.8130
Epoch: 9, Step 260 | 315, Train_Loss 9.9924
Epoch: 9, Step 270 | 315, Train_Loss 9.8412
Epoch: 9, Step 280 | 315, Train_Loss 9.7527
Epoch: 9, Step 290 | 315, Train_Loss 9.9084
Epoch: 9, Step 300 | 315, Train_Loss 10.0274
Epoch: 9, Step 310 | 315, Train_Loss 9.9965
Current Time: Thu Nov  5 09:52:35 2020
Epoch 9,  Accuracy 98.8528%
Current model ends, saved the model.
len(tmp_label): 200
['Euploea_core', 'Papilio_maackii', 'Kallima_inachus', 'Pieris_napi', 'Cyrestis_thyodamas', 'Papilio_xuthus', 'Symbrenthia_lilaea', 'Byasa_polyeuctes', 'Abisara_echerius', 'Stibochiona_nicea', 'Polygonia_caureum', 'Junonia_hierta', 'Parantica_sita', 'Papilio_Krishna', 'Hestina_assimilis', 'Junonia_almana', 'Tongeia_potanini', 'Byasa_dasarada', 'Clossiana_euphrosyne', 'Kaniska_canace', 'Libythea_myrrha', 'Danaus_genutia', 'Parantica_aglea', 'Erionota_torus', 'Polyura_eudamippus', 'Melanitis_phedima', 'Papilio_prexaspes', 'Papilio_machaon', 'Vanessa_cardui', 'Graphium_agamemnon', 'Gonepteryx_amintha', 'Papilio_hermosanus', 'Hebomoia_glaucippe', 'Aemona_amathusia', 'Neptis_hylas', 'Danaus_plexippus', 'Cethosia_cyane', 'Pieris_melete', 'Colias_palaeno', 'Badamia_exclamationis', 'Lethe_chandica', 'Ypthima_baldus', 'Artipe_eryx', 'Cethosia_biblis', 'Papilio_hoppo', 'Gonepteryx_rhamni', 'Lamproptera_curius', 'Colias_erate', 'Luehdorfia_chinensis', 'Zemeros_flegyas', 'Sephisa_chandra', 'Tirumala_septentrionis', 'Delias_pasithoe', 'Papilio_dialis', 'Parnassius_apollo', 'Penthema_darlisa', 'Mycalesis_perseus', 'Curetis_acuta', 'Delias_acalis', 'Byasa_alcinous', 'Damora_sagana', 'Acraea_issoria', 'Acraea_terpsicore', 'Junonia_iphita', 'Euploea_sylvester', 'Tirumala_limniace', 'Issoria_lathonia', 'Udaspes_folus', 'Clossiana_freija', 'Danaus_chrysippus', 'Parnassius_phoebus', 'Pazala_mullah', 'Catopsilia_pomona', 'Ampittia_virgata', 'Seseria_dohertyi', 'Neope_pulaha', 'Charaxes_bernardus', 'Odontoptilum_angulatum', 'Taraka_hamada', 'Ancistroides_nigrita', 'Loxura_atymnus', 'Troides_magellanus', 'Junonia_orithya', 'Teinopalpus_imperialis', 'Pazala_eurous', 'Horaga_albimacula', 'Pachliopta_aristolochiae', 'Ypthima_praenubila', 'Papilio_paris', 'Papilio_bianor', 'Arhopala_rama', 'Eurema_hecabe', 'Colias_fieldii', 'Papilio_alcmenor', 'Iraota_timoleon', 'Apatura_ilia', 'Delias_descombesi', 'Limenitis_sulpitia', 'Eurema_laeta', 'Polyura_athamas', 'Hypolimnas_bolina', 'Eurema_blanda', 'Ariadne_ariadne', 'Hasora_badra', 'Euploea_midamus', 'Ideopsis_similis', 'Stichophthalma_howqua', 'Iphiclides_podalirius', 'Leptidea_sinapis', 'Athyma_ranga', 'Proclossiana_eunomia', 'Papilio_polytes', 'Clossiana_dia', 'Melanitis_leda', 'Eurema_brigitta', 'Dodona_eugenes', 'Clossiana_titania', 'Daimio_tethys', 'Amblopala_avidiena', 'Athyma_perius', 'Apatura_iris', 'Vanessa_indica', 'Celaenorrhinus_maculosus', 'Tagiades_menaka', 'Teinopalpus_aureus', 'Arhopala_paramuta', 'Atrophaneura_varuna', 'Lethe_confusa', 'Calinaga_buddha', 'Colias_hyale', 'Lethe_syrcis', 'Pseudocoladenia_dan', 'Troides_helena', 'Notocrypta_curvifascia', 'Horaga_onyx', 'Iambrix_salsala', 'Pathysa_antiphates', 'Leptidea_amurensis', 'Rapala_nissa', 'Faunis_eumeus', 'Papilio_protenor', 'Idea_leuconoe', 'Bhutanitis_lidderdalii', 'Junonia_atlites', 'Meandrusa_payeni', 'Mycalesis_intermedia', 'Euploea_tulliolus', 'Penthema_formosanum', 'Polyura_narcaea', 'Pieris_rapae', 'Abraximorpha_davidii', 'Burara_gomata', 'Hasora_anura', 'Doleschallia_bisaltide', 'Catopsilia_scylla', 'SpinDasis_syama', 'Hasora_vitta', 'Isoteinon_lamprospilus', 'Papilio_nephelus', 'Libythea_lepita', 'Eurema_mandarina', 'Jamides_bochus', 'Papilio_arcturus', 'Euthalia_niepelti', 'Mycalesis_gotama', 'Ussuriana_michaelis', 'Pieris_canidia', 'Parnara_guttata', 'Sericinus_montelus', 'Cepora_nerissa', 'Graphium_cloanthus', 'Elymnias_hypermnestra', 'Papilio_memnon', 'Astictopterus_jama', 'Neptis_miah', 'Atrophaneura_horishanus', 'Mahathala_ameria', 'Rohana_parisatis', 'Lamproptera_meges', 'Catopsilia_pyranthe', 'Parantica_melaneus', 'Graphium_sarpedon', 'Troides_aeacus', 'Sasakia_charonda', 'Meandrusa_sciron', 'Zizeeria_maha', 'Miletus_chinensis', 'Eurema_andersoni', 'Lampides_boeticus', 'Leptidea_morsei', 'Ideopsis_vulgaris', 'Ariadne_merione', 'Gandaca_harina', 'Delias_belladonna', 'Chitoria_ulupi', 'Parnassius_nomion', 'Allotinus_drumila', 'Timelaea_albescens', 'Mandarinia_regalis', 'Losaria_coon']
num_count: [('Gonepteryx_rhamni', 702), ('Catopsilia_pomona', 342), ('Eurema_hecabe', 338), ('Neptis_hylas', 330), ('Hebomoia_glaucippe', 310), ('Apatura_ilia', 292), ('Apatura_iris', 256), ('Eurema_blanda', 250), ('Junonia_orithya', 229), ('Junonia_iphita', 228), ('Delias_pasithoe', 219), ('Junonia_atlites', 217), ('Junonia_almana', 209), ('Symbrenthia_lilaea', 201), ('Cethosia_biblis', 201), ('Danaus_chrysippus', 194), ('Clossiana_euphrosyne', 188), ('Kallima_inachus', 180), ('Parnara_guttata', 177), ('Vanessa_cardui', 175), ('Colias_palaeno', 175), ('Junonia_hierta', 173), ('Zemeros_flegyas', 172), ('Parnassius_phoebus', 168), ('Acraea_issoria', 167), ('Pazala_eurous', 167), ('Iphiclides_podalirius', 167), ('Parantica_aglea', 166), ('Ideopsis_similis', 166), ('Colias_erate', 164), ('Danaus_plexippus', 157), ('Papilio_maackii', 154), ('Cethosia_cyane', 148), ('Tirumala_septentrionis', 144), ('Pathysa_antiphates', 142), ('Atrophaneura_horishanus', 142), ('Pachliopta_aristolochiae', 138), ('Byasa_alcinous', 136), ('Troides_magellanus', 133), ('Byasa_polyeuctes', 130), ('Colias_hyale', 129), ('Hypolimnas_bolina', 127), ('Pieris_canidia', 126), ('Sericinus_montelus', 126), ('Hestina_assimilis', 125), ('Kaniska_canace', 125), ('Polyura_athamas', 125), ('Faunis_eumeus', 125), ('Libythea_lepita', 125), ('Abisara_echerius', 124), ('Pieris_melete', 121), ('Cyrestis_thyodamas', 119), ('Elymnias_hypermnestra', 119), ('Mycalesis_perseus', 118), ('Udaspes_folus', 117), ('Mycalesis_gotama', 117), ('Papilio_hermosanus', 116), ('Melanitis_leda', 113), ('Iambrix_salsala', 110), ('Papilio_hoppo', 109), ('Melanitis_phedima', 108), ('Loxura_atymnus', 108), ('Notocrypta_curvifascia', 106), ('Polygonia_caureum', 105), ('Curetis_acuta', 105), ('Hasora_badra', 105), ('Pieris_rapae', 104), ('Parantica_sita', 103), ('Lethe_confusa', 103), ('Parnassius_apollo', 102), ('Pseudocoladenia_dan', 102), ('Tirumala_limniace', 101), ('Danaus_genutia', 98), ('Athyma_perius', 98), ('Odontoptilum_angulatum', 97), ('Stichophthalma_howqua', 97), ('Lethe_chandica', 96), ('Pieris_napi', 95), ('Cepora_nerissa', 94), ('Vanessa_indica', 93), ('Acraea_terpsicore', 92), ('Iraota_timoleon', 92), ('Leptidea_sinapis', 92), ('Eurema_laeta', 91), ('Clossiana_dia', 91), ('Daimio_tethys', 91), ('Troides_helena', 91), ('Badamia_exclamationis', 89), ('Papilio_machaon', 88), ('Ypthima_baldus', 87), ('Parantica_melaneus', 87), ('Papilio_prexaspes', 86), ('Taraka_hamada', 86), ('Rohana_parisatis', 86), ('Papilio_bianor', 85), ('Atrophaneura_varuna', 85), ('Troides_aeacus', 84), ('Lampides_boeticus', 84), ('Gonepteryx_amintha', 83), ('Papilio_dialis', 83), ('Horaga_onyx', 83), ('Burara_gomata', 79), ('Papilio_memnon', 79), ('Erionota_torus', 78), ('Athyma_ranga', 78), ('Euploea_tulliolus', 76), ('Isoteinon_lamprospilus', 76), ('Eurema_mandarina', 76), ('Euploea_core', 75), ('Artipe_eryx', 75), ('Dodona_eugenes', 75), ('Papilio_arcturus', 75), ('Stibochiona_nicea', 74), ('Luehdorfia_chinensis', 74), ('Eurema_andersoni', 74), ('Neope_pulaha', 72), ('Euploea_midamus', 72), ('Sasakia_charonda', 72), ('Charaxes_bernardus', 71), ('Ariadne_ariadne', 71), ('Clossiana_titania', 71), ('Papilio_xuthus', 68), ('Issoria_lathonia', 68), ('Colias_fieldii', 68), ('Mycalesis_intermedia', 68), ('Polyura_narcaea', 68), ('Astictopterus_jama', 68), ('Pazala_mullah', 67), ('Limenitis_sulpitia', 67), ('Amblopala_avidiena', 67), ('Timelaea_albescens', 67), ('Ampittia_virgata', 65), ('Polyura_eudamippus', 64), ('Abraximorpha_davidii', 64), ('Neptis_miah', 64), ('Calinaga_buddha', 63), ('Zizeeria_maha', 63), ('Miletus_chinensis', 63), ('Parnassius_nomion', 63), ('Graphium_sarpedon', 62), ('Libythea_myrrha', 61), ('Papilio_alcmenor', 61), ('Papilio_polytes', 61), ('Hasora_anura', 61), ('Papilio_paris', 60), ('Delias_descombesi', 60), ('Gandaca_harina', 58), ('Lamproptera_curius', 57), ('Clossiana_freija', 57), ('Catopsilia_scylla', 57), ('SpinDasis_syama', 57), ('Ariadne_merione', 57), ('Byasa_dasarada', 56), ('Delias_acalis', 56), ('Ancistroides_nigrita', 56), ('Proclossiana_eunomia', 56), ('Lamproptera_meges', 56), ('Teinopalpus_imperialis', 55), ('Lethe_syrcis', 55), ('Rapala_nissa', 55), ('Losaria_coon', 55), ('Tagiades_menaka', 54), ('Graphium_agamemnon', 52), ('Papilio_protenor', 52), ('Hasora_vitta', 51), ('Delias_belladonna', 51), ('Euploea_sylvester', 50), ('Teinopalpus_aureus', 50), ('Catopsilia_pyranthe', 50), ('Aemona_amathusia', 49), ('Celaenorrhinus_maculosus', 49), ('Doleschallia_bisaltide', 49), ('Bhutanitis_lidderdalii', 48), ('Meandrusa_payeni', 48), ('Penthema_darlisa', 47), ('Damora_sagana', 47), ('Ideopsis_vulgaris', 47), ('Eurema_brigitta', 46), ('Tongeia_potanini', 45), ('Horaga_albimacula', 45), ('Papilio_nephelus', 44), ('Graphium_cloanthus', 43), ('Jamides_bochus', 42), ('Meandrusa_sciron', 42), ('Mandarinia_regalis', 42), ('Leptidea_amurensis', 41), ('Idea_leuconoe', 41), ('Penthema_formosanum', 41), ('Ussuriana_michaelis', 40), ('Mahathala_ameria', 39), ('Sephisa_chandra', 38), ('Leptidea_morsei', 35), ('Papilio_Krishna', 34), ('Arhopala_rama', 34), ('Allotinus_drumila', 33), ('Ypthima_praenubila', 31), ('Chitoria_ulupi', 31), ('Arhopala_paramuta', 28), ('Euthalia_niepelti', 28), ('Seseria_dohertyi', 20)]
Current Pred: 1/5056
Current Pred: 201/5056
Current Pred: 401/5056
Current Pred: 601/5056
Current Pred: 801/5056
Current Pred: 1001/5056
Current Pred: 1201/5056
Current Pred: 1401/5056
Current Pred: 1601/5056
Current Pred: 1801/5056
Current Pred: 2001/5056
Current Pred: 2201/5056
Current Pred: 2401/5056
Current Pred: 2601/5056
Current Pred: 2801/5056
Current Pred: 3001/5056
Current Pred: 3201/5056
Current Pred: 3401/5056
Current Pred: 3601/5056
Current Pred: 3801/5056
Current Pred: 4001/5056
Current Pred: 4201/5056
Current Pred: 4401/5056
Current Pred: 4601/5056
Current Pred: 4801/5056
Current Pred: 5001/5056
{"score": 87.94, "label": "The Score is Total ACC", "info": ""}
